"../../../Engine/Content/Functions/Engine_MaterialFunctions01/Opacity/CameraDepthFade.uasset" 0
"../../../Engine/Content/EngineMaterials/T_Default_Material_Grid_M.uasset" 1
"../../../Engine/Content/EngineMaterials/T_Default_Material_Grid_N.uasset" 2
"../../../Engine/Content/EngineMaterials/DefaultMaterial.uasset" 3
"../../../Engine/Content/BasicShapes/Cone.uasset" 4
"../../../Engine/Content/EngineMaterials/WorldGridMaterial.uasset" 5
"../../../Engine/Content/BasicShapes/Cube.uasset" 6
"../../../Engine/Content/BasicShapes/Cylinder.uasset" 7
"../../../Engine/Content/BasicShapes/Plane.uasset" 8
"../../../Engine/Content/BasicShapes/Sphere.uasset" 9
"../../../Engine/Content/EditorLandscapeResources/DataLayer.uasset" 10
"../../../Engine/Content/EditorMaterials/GizmoMaterial.uasset" 11
"../../../Engine/Content/EditorMaterials/MAT_Groups_Toggle.uasset" 12
"../../../Engine/Content/EditorMaterials/MAT_Groups_Visibility.uasset" 13
"../../../Engine/Content/EditorMaterials/PreviewShadowIndicator.uasset" 14
"../../../Engine/Content/EditorMaterials/PreviewShadowIndicatorMaterial.uasset" 15
"../../../Engine/Content/EditorMaterials/AssetViewer/EpicQuadPanorama_CC+EV1.uasset" 16
"../../../Engine/Content/EditorMaterials/MatineeGroups/MAT_ColorTrack.uasset" 17
"../../../Engine/Content/EditorMaterials/MatineeGroups/MAT_Groups_Anim.uasset" 18
"../../../Engine/Content/EditorMaterials/MatineeGroups/MAT_Groups_AudioMaster.uasset" 19
"../../../Engine/Content/EditorMaterials/MatineeGroups/MAT_Groups_Director.uasset" 20
"../../../Engine/Content/EditorMaterials/MatineeGroups/MAT_Groups_Event.uasset" 21
"../../../Engine/Content/EditorMaterials/MatineeGroups/MAT_Groups_Fade.uasset" 22
"../../../Engine/Content/EditorMaterials/MatineeGroups/MAT_Groups_Float.uasset" 23
"../../../Engine/Content/EditorMaterials/MatineeGroups/MAT_Groups_Move.uasset" 24
"../../../Engine/Content/EditorMaterials/MatineeGroups/MAT_Groups_Slomo.uasset" 25
"../../../Engine/Content/EditorMaterials/MatineeGroups/MAT_Groups_Sound.uasset" 26
"../../../Engine/Content/EditorMaterials/MatineeGroups/MAT_Groups_Vector.uasset" 27
"../../../Engine/Content/EditorMaterials/ParticleSystems/PSysThumbnail_NoImage.uasset" 28
"../../../Engine/Content/EditorMaterials/ParticleSystems/PSysThumbnail_OOD.uasset" 29
"../../../Engine/Content/EditorMaterials/Camera/CineMat.uasset" 30
"../../../Engine/Content/EditorMaterials/Camera/MI_CineMat_Rig.uasset" 31
"../../../Engine/Content/EditorMeshes/Camera/SM_CraneRig_Arm.uasset" 32
"../../../Engine/Content/EditorMeshes/Camera/SM_CraneRig_Base.uasset" 33
"../../../Engine/Content/EditorMeshes/Camera/SM_CraneRig_Body.uasset" 34
"../../../Engine/Content/EditorMeshes/Camera/SM_CraneRig_Mount.uasset" 35
"../../../Engine/Content/EditorMeshes/Camera/SM_RailRig_Mount.uasset" 36
"../../../Engine/Content/EditorMeshes/Camera/SM_RailRig_Track.uasset" 37
"../../../Engine/Content/EditorMeshes/ColorCalibrator/M_ChromeBall.uasset" 38
"../../../Engine/Content/EditorMeshes/ColorCalibrator/M_ClearCoat.uasset" 39
"../../../Engine/Content/EditorMeshes/ColorCalibrator/M_ClearCoatBlack.uasset" 40
"../../../Engine/Content/EditorMeshes/ColorCalibrator/T_ColorGrid.uasset" 41
"../../../Engine/Content/EditorMeshes/ColorCalibrator/M_ColorGrid.uasset" 42
"../../../Engine/Content/EditorMeshes/ColorCalibrator/M_GreyBall.uasset" 43
"../../../Engine/Content/EditorMeshes/ColorCalibrator/SM_ColorCalibrator.uasset" 44
"../../../Engine/Content/EditorResources/BSPVertex.uasset" 45
"../../../Engine/Content/EditorResources/EmptyActor.uasset" 46
"../../../Engine/Content/EditorResources/RGBTable16x1_AssetViewer.uasset" 47
"../../../Engine/Content/EditorResources/S_Actor.uasset" 48
"../../../Engine/Content/EditorResources/S_Trigger.uasset" 49
"../../../Engine/Content/EditorResources/LightIcons/S_LightError.uasset" 50
"../../../Engine/Content/EditorResources/SequenceRecorder/Countdown.uasset" 51
"../../../Engine/Content/EditorResources/SequenceRecorder/RecordingIndicator.uasset" 52
"../../../Engine/Content/EditorSounds/Notifications/CompileFailed.uasset" 53
"../../../Engine/Content/EditorSounds/Notifications/CompileFailed_Cue.uasset" 54
"../../../Engine/Content/EditorSounds/Notifications/CompileSuccess.uasset" 55
"../../../Engine/Content/EditorSounds/Notifications/CompileStart_Cue.uasset" 56
"../../../Engine/Content/EditorSounds/Notifications/CompileSuccess_Cue.uasset" 57
"../../../Engine/Content/EngineDamageTypes/DmgTypeBP_Environmental.uasset" 58
"../../../Engine/Content/EngineDebugMaterials/HeatmapGradient.uasset" 59
"../../../Engine/Content/EngineDebugMaterials/BoneWeightMaterial.uasset" 60
"../../../Engine/Content/EngineDebugMaterials/DebugMeshMaterial.uasset" 61
"../../../Engine/Content/EngineDebugMaterials/GeomMaterial.uasset" 62
"../../../Engine/Content/EngineFonts/Faces/RobotoBold.uasset" 63
"../../../Engine/Content/EngineFonts/Faces/RobotoBoldItalic.uasset" 64
"../../../Engine/Content/EngineFonts/Faces/RobotoItalic.uasset" 65
"../../../Engine/Content/EngineFonts/Faces/RobotoLight.uasset" 66
"../../../Engine/Content/EngineFonts/Faces/RobotoRegular.uasset" 67
"../../../Engine/Content/EngineFonts/Roboto.uasset" 68
"../../../Engine/Content/EngineFonts/Faces/RobotoTiny.uasset" 69
"../../../Engine/Content/EngineFonts/RobotoTiny.uasset" 70
"../../../Engine/Content/EngineMaterials/DefaultBokeh.uasset" 71
"../../../Engine/Content/EngineMaterials/DefaultDiffuse.uasset" 72
"../../../Engine/Content/EngineMaterials/DefaultDeferredDecalMaterial.uasset" 73
"../../../Engine/Content/EngineMaterials/DefaultLightFunctionMaterial.uasset" 74
"../../../Engine/Content/EngineMaterials/DefaultPhysicalMaterial.uasset" 75
"../../../Engine/Content/Functions/Engine_MaterialFunctions02/Utility/BreakOutFloat2Components.uasset" 76
"../../../Engine/Content/EngineMaterials/DefaultPostProcessMaterial.uasset" 77
"../../../Engine/Content/EngineFonts/RobotoDistanceField.uasset" 78
"../../../Engine/Content/EngineMaterials/DefaultTextMaterialOpaque.uasset" 79
"../../../Engine/Content/EngineMaterials/DefaultWhiteGrid.uasset" 80
"../../../Engine/Content/EngineMaterials/EditorBrushMaterial.uasset" 81
"../../../Engine/Content/EngineMaterials/Good64x64TilingNoiseHighFreq.uasset" 82
"../../../Engine/Content/EngineMaterials/MiniFont.uasset" 83
"../../../Engine/Content/EngineMaterials/InvalidLightmapSettings.uasset" 84
"../../../Engine/Content/EngineMaterials/M_InvalidLightmapSettings.uasset" 85
"../../../Engine/Content/EngineMaterials/PhAT_JointLimitMaterial.uasset" 86
"../../../Engine/Content/EngineMaterials/PreintegratedSkinBRDF.uasset" 87
"../../../Engine/Content/EngineMaterials/RemoveSurfaceMaterial.uasset" 88
"../../../Engine/Content/EngineMaterials/WeightMapPlaceholderTexture.uasset" 89
"../../../Engine/Content/EngineResources/WhiteSquareTexture.uasset" 90
"../../../Engine/Content/EngineMaterials/Widget3DPassThrough.uasset" 91
"../../../Engine/Content/EngineMaterials/Widget3DPassThrough_Masked.uasset" 92
"../../../Engine/Content/EngineMaterials/Widget3DPassThrough_Opaque.uasset" 93
"../../../Engine/Content/EngineMaterials/Widget3DPassThrough_Masked_OneSided.uasset" 94
"../../../Engine/Content/EngineMaterials/Widget3DPassThrough_Opaque_OneSided.uasset" 95
"../../../Engine/Content/EngineMaterials/Widget3DPassThrough_Translucent.uasset" 96
"../../../Engine/Content/EngineMaterials/Widget3DPassThrough_Translucent_OneSided.uasset" 97
"../../../Engine/Content/EngineMeshes/Cube.uasset" 98
"../../../Engine/Content/EngineMeshes/Cylinder.uasset" 99
"../../../Engine/Content/EngineMeshes/Sphere.uasset" 100
"../../../Engine/Content/EngineResources/Black.uasset" 101
"../../../Engine/Content/EngineResources/DefaultTexture.uasset" 102
"../../../Engine/Content/EngineResources/DefaultTextureCube.uasset" 103
"../../../Engine/Content/EngineResources/GradientTexture0.uasset" 104
"../../../Engine/Content/EngineSounds/Master.uasset" 105
"../../../Engine/Content/Functions/Engine_MaterialFunctions01/Shading/ConvertFromDiffSpec.uasset" 106
"../../../Engine/Content/Functions/Engine_MaterialFunctions01/Shading/PowerToRoughness.uasset" 107
"../../../Engine/Content/Maps/Templates/Thumbnails/Default.uasset" 108
"../../../Engine/Content/Maps/Templates/Thumbnails/VR-Basic.uasset" 109
"../../../Engine/Content/MobileResources/T_MobileControls_texture.uasset" 110
"../../../Engine/Content/MobileResources/T_MobileMenu2.uasset" 111
"../../../Engine/Content/MobileResources/HUD/AnalogHat.uasset" 112
"../../../Engine/Content/MobileResources/HUD/VirtualJoystick_Background.uasset" 113
"../../../Engine/Content/MobileResources/HUD/VirtualJoystick_Thumb.uasset" 114
"../../../Engine/Content/MobileResources/HUD/DefaultVirtualJoysticks.uasset" 115
"../../../Engine/Content/MobileResources/HUD/LeftVirtualJoystickOnly.uasset" 116
"../../../Engine/Content/MobileResources/HUD/MobileHUDButton1_off.uasset" 117
"../../../Engine/Content/MobileResources/HUD/MobileHUDButton1_on.uasset" 118
"../../../Engine/Content/MobileResources/HUD/MobileHUDButton2_off.uasset" 119
"../../../Engine/Content/MobileResources/HUD/MobileHUDButton2_on.uasset" 120
"../../../Engine/Content/MobileResources/HUD/MobileHUDButton3.uasset" 121
"../../../Engine/Content/MobileResources/HUD/MobileHUDButtonFire.uasset" 122
"../../../Engine/Content/MobileResources/HUD/MobileHUDDirectionPad.uasset" 123
"../../../Engine/Content/MobileResources/HUD/MobileHUDDirectionPad2.uasset" 124
"../../../Engine/Content/MobileResources/HUD/MobileHUDDirectionPad3.uasset" 125
"../../../Engine/Content/MobileResources/HUD/MobileHUDDirectionStick.uasset" 126
"../../../Engine/Content/MobileResources/HUD/T_Castle_ThumbstickInner.uasset" 127
"../../../Engine/Content/MobileResources/HUD/T_Castle_ThumbstickOutter.uasset" 128
"../../../Engine/Content/Tutorial/ContentIntroCurve.uasset" 129
"../../../Engine/Content/Tutorial/Basics/TutorialAssets/icon_tab_Levels_40x.uasset" 130
"../../../Engine/Content/Tutorial/BlueprintTutorials/TutorialAssets/BlueprintInterface_64x.uasset" 131
"../../../Engine/Content/Tutorial/BlueprintTutorials/TutorialAssets/BlueprintMacroLibrary_64x.uasset" 132
"../../../Engine/Content/Tutorial/BlueprintTutorials/TutorialAssets/Blueprint_64x.uasset" 133
"../../../Engine/Content/Tutorial/BlueprintTutorials/TutorialAssets/Tutorial_BP_Interface.uasset" 134
"../../../Engine/Content/Tutorial/Foliage/TutorialAssets/Foliage.uasset" 135
"../../../Engine/Content/Tutorial/Landscape/TutorialAssets/Landscape.uasset" 136
"../../../Engine/Content/Tutorial/Paper2D/TutorialAssets/Paper2DFlipbook_TutorialIcon.uasset" 137
"../../../Engine/Content/Tutorial/Paper2D/TutorialAssets/Paper2DSprite_TutorialIcon.uasset" 138
"../../../Engine/Content/Tutorial/SubEditors/TutorialAssets/icon_Editor_Preferences_General_40x.uasset" 139
"../../../Engine/Content/Tutorial/SubEditors/TutorialAssets/icon_ShowSkeletalMeshes_40x.uasset" 140
"../../../Engine/Content/Tutorial/SubEditors/TutorialAssets/TutorialMaterial.uasset" 141
"../../../Engine/Content/Tutorial/SubEditors/TutorialAssets/T_SmokeSubUV_8X8.uasset" 142
"../../../Engine/Content/Tutorial/SubEditors/TutorialAssets/T_soft_smoke.uasset" 143
"../../../Engine/Content/Tutorial/SubEditors/TutorialAssets/M_smoke_subUV_blackbody.uasset" 144
"../../../Engine/Content/Tutorial/SubEditors/TutorialAssets/TutorialParticleSystem.uasset" 145
"../../../Engine/Content/EditorMeshes/EditorCube.uasset" 146
"../../../Engine/Content/Tutorial/SubEditors/TutorialAssets/Tutorial_DM.uasset" 147
"../../../Engine/Content/VREditor/Devices/Generic/GenericHMDMaterial.uasset" 148
"../../../Engine/Content/VREditor/Devices/Generic/GenericHMD.uasset" 149
"../../../Engine/Content/VREditor/FloatingText/LineMaterial.uasset" 150
"../../../Engine/Content/VREditor/FloatingText/JointSphere.uasset" 151
"../../../Engine/Content/VREditor/FloatingText/LineSegmentCylinder.uasset" 152
"../../../Engine/Content/VREditor/Fonts/VRText_RobotoLarge.uasset" 153
"../../../Engine/Content/VREditor/Fonts/VRTextMaterial.uasset" 154
"../../../Engine/Content/VREditor/Fonts/TranslucentVRTextMaterial.uasset" 155
"../../../Engine/Content/VREditor/LaserPointer/VR_LaserPower_01.uasset" 156
"../../../Engine/Content/VREditor/LaserPointer/LaserPointerMaterial.uasset" 157
"../../../Engine/Content/VREditor/LaserPointer/LaserPointerMaterialInst.uasset" 158
"../../../Engine/Content/VREditor/LaserPointer/TranslucentLaserPointerMaterialInst.uasset" 159
"../../../Engine/Content/VREditor/LaserPointer/LaserPointerMesh.uasset" 160
"../../../Engine/Content/VREditor/Sounds/VR_grab_Cue.uasset" 161
"../../../Engine/Content/VREditor/Sounds/VR_teleport_Cue.uasset" 162
"../../../Engine/Content/VREditor/TransformGizmo/TransformGizmoMaterial.uasset" 163
"../../../Engine/Content/VREditor/TransformGizmo/TranslucentTransformGizmoMaterial.uasset" 164
"../../../Engine/Content/VREditor/TransformGizmo/BoundingBoxCorner.uasset" 165
"../../../Engine/Content/VREditor/TransformGizmo/BoundingBoxEdge.uasset" 166
"../../../Engine/Content/VREditor/TransformGizmo/PlaneTranslationHandle.uasset" 167
"../../../Engine/Content/VREditor/TransformGizmo/RotationHandle.uasset" 168
"../../../Engine/Content/VREditor/TransformGizmo/RotationHandleFull.uasset" 169
"../../../Engine/Content/VREditor/TransformGizmo/StretchingHandle.uasset" 170
"../../../Engine/Content/VREditor/TransformGizmo/TranslateHandleLong.uasset" 171
"../../../Engine/Content/VREditor/TransformGizmo/TranslationHandle.uasset" 172
"../../../Engine/Content/VREditor/TransformGizmo/UniformScaleHandle.uasset" 173
"../../../Engine/Content/VREditor/UI/CloseButtonMesh.uasset" 174
"../../../Engine/Content/VREditor/UI/SelectionBarMesh.uasset" 175
"../../../Engine/Content/Functions/Engine_MaterialFunctions01/Gradient/RadialGradient.uasset" 176
"../../../Engine/Content/VREditor/WorldMovementGrid/SimpleGrid.uasset" 177
"../../../Engine/Content/VREditor/WorldMovementGrid/GridMaterial.uasset" 178
"../../../Engine/Content/Functions/Engine_MaterialFunctions01/Density/ExponentialDensity.uasset" 179
"../../../Engine/Content/VREditor/WorldMovementGrid/GridPostProcess.uasset" 180
"../../../Engine/Content/EditorLandscapeResources/FlattenHeightMat.uasset" 181
"../../../Engine/Content/VREditor/WorldMovementGrid/PlaneMesh.uasset" 182
"../../../Engine/Content/EditorBlueprintResources/StandardMacros.uasset" 183
"../../../AOD/Content/BluePrints/Global_Var.uasset" 184
"../../../AOD/Content/BluePrints/Data/Animation_States.uasset" 185
"../../../AOD/Content/Textures/Bottle.uasset" 186
"../../../AOD/Content/Sprites/Bottle_Sprite.uasset" 187
"../../../AOD/Content/Textures/Bottle_tile.uasset" 188
"../../../AOD/Content/Sprites/Bottle_tile_Sprite.uasset" 189
"../../../AOD/Content/Huds/HUD.uasset" 190
"../../../AOD/Content/Textures/ded.uasset" 191
"../../../AOD/Content/Sprites/Char/ded_Sprite_0.uasset" 192
"../../../AOD/Content/Sprites/Char/ded.uasset" 193
"../../../AOD/Content/Textures/Fall.uasset" 194
"../../../AOD/Content/Sprites/Char/Fall_0.uasset" 195
"../../../AOD/Content/Sprites/Char/Fall.uasset" 196
"../../../AOD/Content/Textures/Base_Idle.uasset" 197
"../../../AOD/Content/Sprites/Char/Idle_0.uasset" 198
"../../../AOD/Content/Sprites/Char/Idle_1.uasset" 199
"../../../AOD/Content/Sprites/Char/Idle_2.uasset" 200
"../../../AOD/Content/Sprites/Char/Idle_3.uasset" 201
"../../../AOD/Content/Sprites/Char/Idle.uasset" 202
"../../../AOD/Content/Textures/Base_Run.uasset" 203
"../../../AOD/Content/Sprites/Char/Run_0.uasset" 204
"../../../AOD/Content/Sprites/Char/Run_1.uasset" 205
"../../../AOD/Content/Sprites/Char/Run_2.uasset" 206
"../../../AOD/Content/Sprites/Char/Run_3.uasset" 207
"../../../AOD/Content/Sprites/Char/Run_4.uasset" 208
"../../../AOD/Content/Sprites/Char/Run_5.uasset" 209
"../../../AOD/Content/Sprites/Char/Run_6.uasset" 210
"../../../AOD/Content/Sprites/Char/Run_7.uasset" 211
"../../../AOD/Content/Sprites/Char/Run.uasset" 212
"../../../AOD/Content/BluePrints/Char_Male.uasset" 213
"../../../AOD/Content/BluePrints/AOD_Test.uasset" 214
"../../../AOD/Content/Textures/ground_textures.uasset" 215
"../../../AOD/Content/Sprites/Platform.uasset" 216
"../../../AOD/Content/BluePrints/Ground/Elevator.uasset" 217
"../../../AOD/Content/Textures/Danger.uasset" 218
"../../../AOD/Content/Sprites/Danger_Sprite_1.uasset" 219
"../../../AOD/Content/Textures/Direction_signs.uasset" 220
"../../../AOD/Content/Sprites/Direction_signs_Sprite_0.uasset" 221
"../../../AOD/Content/Sprites/Direction_signs_Sprite_1.uasset" 222
"../../../AOD/Content/Sprites/ground_textures_Sprite_7.uasset" 223
"../../../AOD/Content/Textures/Back_Ground_Test.uasset" 224
"../../../Engine/Plugins/2D/Paper2D/Content/DummySprite.uasset" 225
"../../../Engine/Plugins/2D/Paper2D/Content/DefaultPaperTerrainMaterial.uasset" 226
"../../../Engine/Plugins/2D/Paper2D/Content/DefaultSpriteMaterial.uasset" 227
"../../../Engine/Plugins/2D/Paper2D/Content/MaskedUnlitSpriteMaterial.uasset" 228
"../../../Engine/Plugins/2D/Paper2D/Content/OpaqueUnlitSpriteMaterial.uasset" 229
"../../../Engine/Plugins/2D/Paper2D/Content/PlaceholderTextures/DummySpriteTexture.uasset" 230
"../../../Engine/Content/EngineSky/C_Sky_Cloud_Color.uasset" 231
"../../../Engine/Content/EngineSky/C_Sky_Horizon_Color.uasset" 232
"../../../Engine/Content/EngineSky/C_Sky_Zenith_Color.uasset" 233
"../../../Engine/Content/EngineSky/T_Sky_Blue.uasset" 234
"../../../Engine/Content/EngineSky/T_Sky_Clouds_M.uasset" 235
"../../../Engine/Content/EngineSky/T_Sky_Stars.uasset" 236
"../../../Engine/Content/EngineSky/M_Sky_Panning_Clouds2.uasset" 237
"../../../Engine/Content/EngineSky/SM_SkySphere.uasset" 238
"../../../Engine/Content/EngineSky/BP_Sky_Sphere.uasset" 239
"../../../AOD/Content/BluePrints/Camera_Actor.uasset" 240
"../../../AOD/Content/BluePrints/Checkpointactive.uasset" 241
"../../../AOD/Content/Textures/Sign.uasset" 242
"../../../AOD/Content/Sprites/Sign_Sprite.uasset" 243
"../../../AOD/Content/BluePrints/Checkpoint.uasset" 244
"../../../AOD/Content/Sprites/ground_textures_Sprite_8.uasset" 245
"../../../AOD/Content/Sprites/ground_textures_Sprite_9.uasset" 246
"../../../AOD/Content/BluePrints/Door.uasset" 247
"../../../AOD/Content/Sprites/Danger_Sprite_0.uasset" 248
"../../../AOD/Content/BluePrints/Ground/DeathReset.uasset" 249
"../../../AOD/Content/BluePrints/Ground/Platform.uasset" 250
"../../../AOD/Content/Textures/NPC.uasset" 251
"../../../AOD/Content/Sprites/NPC/NPC_Sprite_0.uasset" 252
"../../../AOD/Content/Sprites/NPC/NPC_Sprite_1.uasset" 253
"../../../AOD/Content/Sprites/NPC/NPC.uasset" 254
"../../../AOD/Content/BluePrints/NPC_Blueprint.uasset" 255
"../../../AOD/Content/2D_BuiltData.uasset" 256
"../../../AOD/Content/Sprites/Direction_signs_Sprite_3.uasset" 257
"../../../AOD/Content/Sprites/ground_textures_Sprite_0.uasset" 258
"../../../AOD/Content/Sprites/ground_textures_Sprite_1.uasset" 259
"../../../AOD/Content/Sprites/ground_textures_Sprite_10.uasset" 260
"../../../AOD/Content/Sprites/ground_textures_Sprite_11.uasset" 261
"../../../AOD/Content/Sprites/ground_textures_Sprite_12.uasset" 262
"../../../AOD/Content/Sprites/ground_textures_Sprite_2.uasset" 263
"../../../AOD/Content/Sprites/ground_textures_Sprite_3.uasset" 264
"../../../AOD/Content/Sprites/ground_textures_Sprite_4.uasset" 265
"../../../AOD/Content/Sprites/ground_textures_Sprite_5.uasset" 266
"../../../AOD/Content/Sprites/ground_textures_Sprite_6.uasset" 267
"../../../AOD/Content/2D.umap" 268
"../../../AOD/Content/PlayerStart_Blueprint.uasset" 269
"../../../AOD/Content/Sprites/Direction_signs_Sprite_2.uasset" 270
"../../../AOD/Content/2D2.umap" 271
"../../../AOD/Content/Sprites/ground_textures_Sprite_13.uasset" 272
"../../../AOD/Content/2D3.umap" 273
"../../../AOD/Content/2DFinish.umap" 274
"../../../AOD/Content/BluePrints/Bottle_Sprite_Blueprint.uasset" 275
"../../../AOD/Content/2DItem.umap" 276
"../../../Engine/Content/Maps/Entry.umap" 277
