Log file open, 09/11/17 13:09:26
LogWindows: LoadLibraryWithSearchPaths failed for file aqProf.dll. GetLastError=0
LogWindows: LoadLibraryWithSearchPaths failed for file VtuneApi.dll. GetLastError=0
LogWindows: LoadLibraryWithSearchPaths failed for file VtuneApi32e.dll. GetLastError=0
LogInit: Display: Running engine for game: AOD
LogPlatformFile: Not using cached read wrapper
LogInit: Display: RandInit(134507119) SRandInit(134507119).
LogTaskGraph: Started task graph with 5 named threads and 14 total threads with 3 sets of task threads.
LogStats: Stats thread started at 0.168660
LogD3D11RHI: Aftermath initialized
LogPluginManager: Mounting plugin Paper2D
LogPluginManager: Mounting plugin LightPropagationVolume
LogPluginManager: Mounting plugin CodeLiteSourceCodeAccess
LogPluginManager: Mounting plugin GitSourceControl
LogPluginManager: Mounting plugin KDevelopSourceCodeAccess
LogPluginManager: Mounting plugin NullSourceCodeAccess
LogPluginManager: Mounting plugin PerforceSourceControl
LogPluginManager: Mounting plugin SubversionSourceControl
LogPluginManager: Mounting plugin UObjectPlugin
LogPluginManager: Mounting plugin VisualStudioSourceCodeAccess
LogPluginManager: Mounting plugin XCodeSourceCodeAccess
LogPluginManager: Mounting plugin AssetManagerEditor
LogPluginManager: Mounting plugin AudioCapture
LogPluginManager: Mounting plugin FacialAnimation
LogPluginManager: Mounting plugin GameplayTagsEditor
LogPluginManager: Mounting plugin MobileLauncherProfileWizard
LogPluginManager: Mounting plugin PluginBrowser
LogPluginManager: Mounting plugin SpeedTreeImporter
LogPluginManager: Mounting plugin AlembicImporter
LogPluginManager: Mounting plugin CharacterAI
LogPluginManager: Mounting plugin HTML5Networking
LogPluginManager: Mounting plugin AndroidMedia
LogPluginManager: Mounting plugin AvfMedia
LogPluginManager: Mounting plugin MediaPlayerEditor
LogPluginManager: Mounting plugin WmfMedia
LogPluginManager: Mounting plugin TcpMessaging
LogPluginManager: Mounting plugin UdpMessaging
LogPluginManager: Mounting plugin LevelSequenceEditor
LogPluginManager: Mounting plugin MatineeToLevelSequence
LogPluginManager: Mounting plugin OnlineSubsystemGooglePlay
LogPluginManager: Mounting plugin OnlineSubsystemIOS
LogPluginManager: Mounting plugin OnlineSubsystem
LogPluginManager: Mounting plugin OnlineSubsystemNull
LogPluginManager: Mounting plugin OnlineSubsystemUtils
LogPluginManager: Mounting plugin AndroidDeviceProfileSelector
LogPluginManager: Mounting plugin AndroidMoviePlayer
LogPluginManager: Mounting plugin AndroidPermission
LogPluginManager: Mounting plugin AppleMoviePlayer
LogPluginManager: Mounting plugin ArchVisCharacter
LogPluginManager: Mounting plugin CableComponent
LogPluginManager: Mounting plugin CustomMeshComponent
LogPluginManager: Mounting plugin ExampleDeviceProfileSelector
LogPluginManager: Mounting plugin GoogleCloudMessaging
LogPluginManager: Mounting plugin ImmediatePhysics
LogPluginManager: Mounting plugin IOSDeviceProfileSelector
LogPluginManager: Mounting plugin LinuxDeviceProfileSelector
LogPluginManager: Mounting plugin LocationServicesBPLibrary
LogPluginManager: Mounting plugin MobilePatchingUtils
LogPluginManager: Mounting plugin OculusVR
LogPluginManager: Mounting plugin PhysXVehicles
LogPluginManager: Mounting plugin ProceduralMeshComponent
LogPluginManager: Mounting plugin RuntimePhysXCooking
LogPluginManager: Mounting plugin SteamVR
LogPluginManager: Mounting plugin WindowsMoviePlayer
LogInit: Using libcurl 7.47.1
LogInit:  - built for x86_64-pc-win32
LogInit:  - supports SSL with OpenSSL/1.0.2g
LogInit:  - supports HTTP deflate (compression) using libz 1.2.8
LogInit:  - other features:
LogInit:      CURL_VERSION_SSL
LogInit:      CURL_VERSION_LIBZ
LogInit:      CURL_VERSION_IPV6
LogInit:      CURL_VERSION_ASYNCHDNS
LogInit:      CURL_VERSION_LARGEFILE
LogInit:      CURL_VERSION_IDN
LogInit:  CurlRequestOptions (configurable via config and command line):
LogInit:  - bVerifyPeer = false  - Libcurl will NOT verify peer certificate
LogInit:  - bUseHttpProxy = false  - Libcurl will NOT use HTTP proxy
LogInit:  - bDontReuseConnections = false  - Libcurl will reuse connections
LogInit:  - CertBundlePath = nullptr  - Libcurl will use whatever was configured at build time.
LogInit: Build: ++UE4+Release-4.17-CL-3586342
LogInit: Engine Version: 4.17.1-3586342+++UE4+Release-4.17
LogInit: Compatible Engine Version: 4.17.0-3573198+++UE4+Release-4.17
LogInit: Net CL: 3573198
LogDevObjectVersion: Number of dev versions registered: 16
LogDevObjectVersion:   Dev-Blueprints (B0D832E4-1F89-4F0D-ACCF-7EB736FD4AA2): 10
LogDevObjectVersion:   Dev-Build (E1C64328-A22C-4D53-A36C-8E866417BD8C): 0
LogDevObjectVersion:   Dev-Core (375EC13C-06E4-48FB-B500-84F0262A717E): 2
LogDevObjectVersion:   Dev-Editor (E4B068ED-F494-42E9-A231-DA0B2E46BB41): 20
LogDevObjectVersion:   Dev-Framework (CFFC743F-43B0-4480-9391-14DF171D2073): 28
LogDevObjectVersion:   Dev-Mobile (B02B49B5-BB20-44E9-A304-32B752E40360): 0
LogDevObjectVersion:   Dev-Networking (A4E4105C-59A1-49B5-A7C5-40C4547EDFEE): 0
LogDevObjectVersion:   Dev-Online (39C831C9-5AE6-47DC-9A44-9C173E1C8E7C): 0
LogDevObjectVersion:   Dev-Physics (78F01B33-EBEA-4F98-B9B4-84EACCB95AA2): 0
LogDevObjectVersion:   Dev-Platform (6631380F-2D4D-43E0-8009-CF276956A95A): 0
LogDevObjectVersion:   Dev-Rendering (12F88B9F-8875-4AFC-A67C-D90C383ABD29): 19
LogDevObjectVersion:   Dev-Sequencer (7B5AE74C-D270-4C10-A958-57980B212A5A): 4
LogDevObjectVersion:   Dev-VR (D7296918-1DD6-4BDD-9DE2-64A83CC13884): 0
LogDevObjectVersion:   Dev-LoadTimes (C2A15278-BFE7-4AFE-6C17-90FF531DF755): 1
LogDevObjectVersion:   Private-Geometry (6EACA3D4-40EC-4CC1-B786-8BED09428FC5): 1
LogDevObjectVersion:   Dev-AnimPhys (29E575DD-E0A3-4627-9D10-D276232CDCEA): 7
LogInit: Compiled (64-bit): Aug 15 2017 02:05:26
LogInit: Compiled with Visual C++: 19.00.24215.01
LogInit: Build Configuration: Development
LogInit: Branch Name: ++UE4+Release-4.17
LogInit: Command line:  
LogInit: Base directory: C:/Program Files/Epic Games/UE_4.17/Engine/Binaries/Win64/
LogInit: Installed Engine Build: 1
LogInit: Presizing for max 8388607 objects, including 0 objects not considered by GC, pre-allocating 0 bytes for permanent pool.
LogInit: Object subsystem initialized
[2017.09.11-19.09.27:069][  0]LogInit: Selected Device Profile: [Windows]
[2017.09.11-19.09.27:069][  0]LogInit: Applying CVar settings loaded from the selected device profile: [Windows]
[2017.09.11-19.09.27:079][  0]LogInit: Computer: JUAN-DESKTOP
[2017.09.11-19.09.27:079][  0]LogInit: User: Juan
[2017.09.11-19.09.27:079][  0]LogInit: CPU Page size=4096, Cores=4
[2017.09.11-19.09.27:079][  0]LogInit: High frequency timer resolution =3.328124 MHz
[2017.09.11-19.09.27:079][  0]LogMemory: Memory total: Physical=16.0GB (16GB approx)
[2017.09.11-19.09.27:079][  0]LogMemory: Platform Memory Stats for Windows
[2017.09.11-19.09.27:079][  0]LogMemory: Process Physical Memory: 279.29 MB used, 279.29 MB peak
[2017.09.11-19.09.27:079][  0]LogMemory: Process Virtual Memory: 282.34 MB used, 282.34 MB peak
[2017.09.11-19.09.27:079][  0]LogMemory: Physical Memory: 6870.56 MB used,  9476.19 MB free, 16346.75 MB total
[2017.09.11-19.09.27:079][  0]LogMemory: Virtual Memory: 662.89 MB used,  9476.19 MB free, 134217728.00 MB total
[2017.09.11-19.09.27:241][  0]LogInit: Using OS detected language (en-US).
[2017.09.11-19.09.27:241][  0]LogInit: Using OS detected locale (en-US).
[2017.09.11-19.09.27:244][  0]LogTextLocalizationManager: No specific localization for 'en-US' exists, so the 'en' localization will be used.
[2017.09.11-19.09.27:939][  0]LogD3D11RHI: D3D11 adapters:
[2017.09.11-19.09.27:988][  0]LogD3D11RHI:    0. 'NVIDIA GeForce GTX 1060 6GB' (Feature Level 11_0)
[2017.09.11-19.09.27:988][  0]LogD3D11RHI:       6084/0/8173 MB DedicatedVideo/DedicatedSystem/SharedSystem, Outputs:2, VendorId:0x10de
[2017.09.11-19.09.27:989][  0]LogD3D11RHI:    1. 'Microsoft Basic Render Driver' (Feature Level 11_0)
[2017.09.11-19.09.27:989][  0]LogD3D11RHI:       0/0/8173 MB DedicatedVideo/DedicatedSystem/SharedSystem, Outputs:0, VendorId:0x1414
[2017.09.11-19.09.27:989][  0]LogD3D11RHI: Chosen D3D11 Adapter: 0
[2017.09.11-19.09.27:995][  0]LogD3D11RHI: Creating new Direct3DDevice
[2017.09.11-19.09.27:995][  0]LogD3D11RHI:     GPU DeviceId: 0x1c03 (for the marketing name, search the web for "GPU Device Id")
[2017.09.11-19.09.27:995][  0]LogWindows: EnumDisplayDevices:
[2017.09.11-19.09.27:996][  0]LogWindows:    0. 'NVIDIA GeForce GTX 1060 6GB' (P:1 D:1)
[2017.09.11-19.09.27:996][  0]LogWindows:    1. 'NVIDIA GeForce GTX 1060 6GB' (P:0 D:1)
[2017.09.11-19.09.27:996][  0]LogWindows:    2. 'NVIDIA GeForce GTX 1060 6GB' (P:0 D:0)
[2017.09.11-19.09.27:996][  0]LogWindows:    3. 'NVIDIA GeForce GTX 1060 6GB' (P:0 D:0)
[2017.09.11-19.09.27:996][  0]LogWindows: DebugString: FoundDriverCount:4 
[2017.09.11-19.09.27:996][  0]LogD3D11RHI:     Adapter Name: NVIDIA GeForce GTX 1060 6GB
[2017.09.11-19.09.27:996][  0]LogD3D11RHI:   Driver Version: 382.05 (internal:22.21.13.8205, unified:382.05)
[2017.09.11-19.09.27:996][  0]LogD3D11RHI:      Driver Date: 5-1-2017
[2017.09.11-19.09.27:996][  0]LogRHI: Texture pool is 1361 MB (70% of 1945 MB)
[2017.09.11-19.09.28:023][  0]LogD3D11RHI: Async texture creation enabled
[2017.09.11-19.09.28:033][  0]LogD3D11RHI: GPU Timing Frequency: 1000.000000 (Debug: 2 1)
[2017.09.11-19.09.28:083][  0]LogShaderCompilers: Guid format shader working directory is -35 characters bigger than the processId version (../../../../../../Users/Juan/Documents/Unreal Projects/AOD_Module_1/AOD_Module_1/Intermediate/Shaders/WorkingDirectory/7592/).
[2017.09.11-19.09.28:083][  0]LogShaderCompilers: Cleaned the shader compiler working directory 'C:/Users/Juan/AppData/Local/Temp/UnrealShaderWorkingDir/EAE2C1CA4369A6C2CACCF29FD07C2EEF/'.
[2017.09.11-19.09.28:083][  0]LogShaderCompilers: Display: Using Local Shader Compiler.
[2017.09.11-19.09.28:942][  0]LogTemp: Display: Loaded TP AllDesktopTargetPlatform
[2017.09.11-19.09.28:998][  0]LogTemp: Display: Loaded TP MacClientTargetPlatform
[2017.09.11-19.09.29:054][  0]LogTemp: Display: Loaded TP MacNoEditorTargetPlatform
[2017.09.11-19.09.29:108][  0]LogTemp: Display: Loaded TP MacServerTargetPlatform
[2017.09.11-19.09.29:164][  0]LogTemp: Display: Loaded TP MacTargetPlatform
[2017.09.11-19.09.29:221][  0]LogTemp: Display: Loaded TP WindowsClientTargetPlatform
[2017.09.11-19.09.29:276][  0]LogTemp: Display: Loaded TP WindowsNoEditorTargetPlatform
[2017.09.11-19.09.29:331][  0]LogTemp: Display: Loaded TP WindowsServerTargetPlatform
[2017.09.11-19.09.29:380][  0]LogTemp: Display: Loaded TP WindowsTargetPlatform
[2017.09.11-19.09.29:434][  0]LogTemp: Display: Loaded TP AndroidTargetPlatform
[2017.09.11-19.09.29:490][  0]LogTemp: Display: Loaded TP Android_ASTCTargetPlatform
[2017.09.11-19.09.29:545][  0]LogTemp: Display: Loaded TP Android_ATCTargetPlatform
[2017.09.11-19.09.29:600][  0]LogTemp: Display: Loaded TP Android_DXTTargetPlatform
[2017.09.11-19.09.29:653][  0]LogTemp: Display: Loaded TP Android_ETC1TargetPlatform
[2017.09.11-19.09.29:711][  0]LogTemp: Display: Loaded TP Android_ETC2TargetPlatform
[2017.09.11-19.09.29:819][  0]LogTemp: Display: Loaded TP Android_MultiTargetPlatform
[2017.09.11-19.09.29:819][  0]LogTemp: Display: Loaded TP Android_PVRTCTargetPlatform
[2017.09.11-19.09.29:863][  0]LogTemp: Display: Loaded TP HTML5TargetPlatform
[2017.09.11-19.09.29:961][  0]LogTemp: Display: Loaded TP IOSTargetPlatform
[2017.09.11-19.09.29:989][  0]LogTemp: Display: Loaded TP TVOSTargetPlatform
[2017.09.11-19.09.30:043][  0]LogTemp: Display: Loaded TP LinuxClientTargetPlatform
[2017.09.11-19.09.30:098][  0]LogTemp: Display: Loaded TP LinuxNoEditorTargetPlatform
[2017.09.11-19.09.30:152][  0]LogTemp: Display: Loaded TP LinuxServerTargetPlatform
[2017.09.11-19.09.30:206][  0]LogTemp: Display: Loaded TP LinuxTargetPlatform
[2017.09.11-19.09.30:206][  0]LogTargetPlatformManager: Display: Building Assets For Windows
[2017.09.11-19.09.30:770][  0]LogDerivedDataCache: Display: Max Cache Size: 512 MB
[2017.09.11-19.09.30:885][  0]LogDerivedDataCache: Loaded boot cache 0.12s 93MB C:/Users/Juan/AppData/Local/UnrealEngine/4.17/DerivedDataCache/Boot.ddc.
[2017.09.11-19.09.30:885][  0]LogDerivedDataCache: Display: Loaded Boot cache: C:/Users/Juan/AppData/Local/UnrealEngine/4.17/DerivedDataCache/Boot.ddc
[2017.09.11-19.09.30:886][  0]LogDerivedDataCache: FDerivedDataBackendGraph:  Pak pak cache file ../../../../../../Users/Juan/Documents/Unreal Projects/AOD_Module_1/AOD_Module_1/DerivedDataCache/DDC.ddp not found, will not use a pak cache.
[2017.09.11-19.09.30:886][  0]LogDerivedDataCache: Unable to find inner node Pak for hierarchical cache Hierarchy.
[2017.09.11-19.09.30:886][  0]LogDerivedDataCache: FDerivedDataBackendGraph:  CompressedPak pak cache file ../../../../../../Users/Juan/Documents/Unreal Projects/AOD_Module_1/AOD_Module_1/DerivedDataCache/Compressed.ddp not found, will not use a pak cache.
[2017.09.11-19.09.30:886][  0]LogDerivedDataCache: Unable to find inner node CompressedPak for hierarchical cache Hierarchy.
[2017.09.11-19.09.30:901][  0]LogDerivedDataCache: Display: Pak cache opened for reading ../../../Engine/DerivedDataCache/Compressed.ddp.
[2017.09.11-19.09.30:913][  0]LogDerivedDataCache: Using Local data cache path C:/Users/Juan/AppData/Local/UnrealEngine/Common/DerivedDataCache: Writable
[2017.09.11-19.09.30:922][  0]LogMaterial: Verifying Global Shaders for PCD3D_SM5
[2017.09.11-19.09.30:922][  0]LogSlate: Using Freetype 2.6.0
[2017.09.11-19.09.30:923][  0]LogSlate: SlateFontCache - WITH_FREETYPE: 1, WITH_HARFBUZZ: 1
[2017.09.11-19.09.30:923][  0]LogSlate: SlateFontCache - WITH_FREETYPE: 1, WITH_HARFBUZZ: 1
[2017.09.11-19.09.31:200][  0]LogAssetRegistry: FAssetRegistry took 0.0261 seconds to start up
[2017.09.11-19.09.31:316][  0]LogInit: Selected Device Profile: [Windows]
[2017.09.11-19.09.31:752][  0]LogSimplygon: Simplygon DLL not present - disabling.
[2017.09.11-19.09.31:806][  0]LogMeshReduction: Using SimplygonSwarm for distributed automatic mesh merging
[2017.09.11-19.09.31:806][  0]LogMeshReduction: Using QuadricMeshReduction for automatic static mesh reduction
[2017.09.11-19.09.31:806][  0]LogMeshReduction: No automatic skeletal mesh reduction module available
[2017.09.11-19.09.31:806][  0]LogMeshReduction: No automatic mesh merging module available
[2017.09.11-19.09.31:806][  0]LogMeshMerging: No automatic mesh merging module available
[2017.09.11-19.09.31:822][  0]LogContentStreaming: Texture pool size is 0.00 MB
[2017.09.11-19.09.32:278][  0]LogNetVersion: AOD , NetCL: 3573198, EngineNetVer: 2, GameNetVer: 0 (Checksum: 480310328)
[2017.09.11-19.09.32:544][  0]LogPackageLocalizationCache: Processed 5 localized package path(s) for 2 prioritized culture(s) in 0.076899 seconds
[2017.09.11-19.09.32:550][  0]LogUObjectArray: 35825 objects as part of root set at end of initial load.
[2017.09.11-19.09.32:550][  0]LogUObjectAllocator: 7529104 out of 0 bytes used by permanent object pool.
[2017.09.11-19.09.32:550][  0]LogUObjectArray: CloseDisregardForGC: 0/0 objects in disregard for GC pool
[2017.09.11-19.09.32:621][  0]LogInit: WinSock: version 1.1 (2.2), MaxSocks=32767, MaxUdp=65467
[2017.09.11-19.09.35:860][  0]LogTcpMessaging: Initializing TcpMessaging bridge
[2017.09.11-19.09.35:900][  0]LogUdpMessaging: Initializing bridge on interface 0.0.0.0:0 to multicast group 230.0.0.1:6666.
[2017.09.11-19.09.36:613][  0]LogMaterial: Uniform references updated for custom material expression Custom.
[2017.09.11-19.09.37:082][  0]SourceControl: Source control is disabled
[2017.09.11-19.09.38:243][  0]LogAndroidPermission: UAndroidPermissionCallbackProxy::GetInstance
[2017.09.11-19.09.38:526][  0]LogOcInput: OculusInput pre-init called
[2017.09.11-19.09.38:809][  0]LogEngine: Initializing Engine...
[2017.09.11-19.09.38:810][  0]LogHMD: Failed to initialize OpenVR with code 110
[2017.09.11-19.09.39:034][  0]LogStats: UGameplayTagsManager::ConstructGameplayTagTree: Construct from data asset -  0.000 s
[2017.09.11-19.09.39:034][  0]LogStats: UGameplayTagsManager::ConstructGameplayTagTree: GameplayTagTreeChangedEvent.Broadcast -  0.000 s
[2017.09.11-19.09.39:179][  0]LogAIModule: Creating AISystem for world Untitled
[2017.09.11-19.09.39:187][  0]LogInit: XAudio2 using 'Cintiq A1300-4 (NVIDIA High Definition Audio)' : 2 channels at 48 kHz using 16 bits per sample (channel mask 0x3)
[2017.09.11-19.09.39:196][  0]LogInit: FAudioDevice initialized.
[2017.09.11-19.09.39:286][  0]LogDerivedDataCache: Saved boot cache 0.09s 93MB C:/Users/Juan/AppData/Local/UnrealEngine/4.17/DerivedDataCache/Boot.ddc.
[2017.09.11-19.09.39:297][  0]LogInit: Texture streaming: Enabled
[2017.09.11-19.09.39:412][  0]LogEngineSessionManager: EngineSessionManager initialized
[2017.09.11-19.09.39:657][  0]LogInit: Transaction tracking system initialized
[2017.09.11-19.09.40:044][  0]BlueprintLog: New page: Editor Load
[2017.09.11-19.09.41:053][  0]LocalizationService: Localization service is disabled
[2017.09.11-19.09.41:821][  0]LogConsoleResponse: Display: 
[2017.09.11-19.09.42:008][  0]LogCook: Display: Max memory allowance for cook 16384mb min free memory 0mb
[2017.09.11-19.09.42:008][  0]LogCook: Display: Mobile HDR setting 1
[2017.09.11-19.09.42:008][  0]LogGameplayTags: Display: UGameplayTagsManager::DoneAddingNativeTags. DelegateIsBound: 0
[2017.09.11-19.09.42:039][  0]LogFileCache: Scanning file cache for directory 'C:/Users/Juan/Documents/Unreal Projects/AOD_Module_1/AOD_Module_1/Content/' took 0.01s
[2017.09.11-19.09.43:157][  0]Cmd: MAP LOAD FILE="../../../../../../Users/Juan/Documents/Unreal Projects/AOD_Module_1/AOD_Module_1/Content/2D.umap" TEMPLATE=0 SHOWPROGRESS=1 FEATURELEVEL=3
[2017.09.11-19.09.43:157][  0]LightingResults: New page: Lighting Build
[2017.09.11-19.09.43:203][  0]MapCheck: New page: Map Check
[2017.09.11-19.09.43:203][  0]LightingResults: New page: Lighting Build
[2017.09.11-19.09.43:702][  0]LogAIModule: Creating AISystem for world 2D
[2017.09.11-19.09.43:720][  0]LogEditorServer: Finished looking for orphan Actors (0.000 secs)
[2017.09.11-19.09.43:731][  0]Cmd: MAP CHECKDEP NOCLEARLOG
[2017.09.11-19.09.43:823][  0]MapCheck: Map check complete: 0 Error(s), 0 Warning(s), took 90.988ms to complete.
[2017.09.11-19.09.43:823][  0]LogFileHelpers: Loading map '2D' took 0.666
[2017.09.11-19.09.43:890][  0]LogWindowsTextInputMethodSystem: Display: IME system now deactivated.
[2017.09.11-19.09.43:891][  0]LogWindowsTextInputMethodSystem: Display: IME system now deactivated.
[2017.09.11-19.09.43:988][  0]LogCollectionManager: Loaded 0 collections in 0.001913 seconds
[2017.09.11-19.09.44:076][  0]LogFileCache: Scanning file cache for directory 'C:/Users/Juan/Documents/Unreal Projects/AOD_Module_1/AOD_Module_1/Saved/Collections/' took 0.01s
[2017.09.11-19.09.44:076][  0]LogFileCache: Scanning file cache for directory 'C:/Users/Juan/Documents/Unreal Projects/AOD_Module_1/AOD_Module_1/Content/Developers/Juan/Collections/' took 0.01s
[2017.09.11-19.09.44:076][  0]LogFileCache: Scanning file cache for directory 'C:/Users/Juan/Documents/Unreal Projects/AOD_Module_1/AOD_Module_1/Content/Collections/' took 0.01s
[2017.09.11-19.09.44:076][  0]LogCollectionManager: Rebuilt the GUID cache for 0 collections in 0.000001 seconds
[2017.09.11-19.09.44:085][  0]LogContentBrowser: Native class hierarchy populated in 0.0083 seconds. Added 2386 classes and 500 folders.
[2017.09.11-19.09.44:154][  0]LogContentBrowser: Native class hierarchy updated for 'WidgetCarousel' in 0.0005 seconds. Added 0 classes and 0 folders.
[2017.09.11-19.09.44:200][  0]LogContentBrowser: Native class hierarchy updated for 'AddContentDialog' in 0.0005 seconds. Added 0 classes and 0 folders.
[2017.09.11-19.09.44:249][  0]LogContentBrowser: Native class hierarchy updated for 'SceneOutliner' in 0.0007 seconds. Added 1 classes and 2 folders.
[2017.09.11-19.09.44:267][  0]LogSlate: Took 0.000316 seconds to synchronously load lazily loaded font '../../../Engine/Content/Slate/Fonts/Roboto-Regular.ttf' (155K)
[2017.09.11-19.09.44:269][  0]LogSlate: Took 0.000309 seconds to synchronously load lazily loaded font '../../../Engine/Content/Slate/Fonts/Roboto-Bold.ttf' (160K)
[2017.09.11-19.09.44:275][  0]LogSlate: Took 0.000331 seconds to synchronously load lazily loaded font '../../../Engine/Content/Editor/Slate/Fonts/FontAwesome.ttf' (139K)
[2017.09.11-19.09.44:389][  0]LogRenderer: Reallocating scene render targets to support 1208x576 Format 10 NumSamples 1 (Frame:1).
[2017.09.11-19.09.44:429][  0]LogSlate: Took 0.000252 seconds to synchronously load lazily loaded font '../../../Engine/Content/Slate/Fonts/Roboto-Light.ttf' (159K)
[2017.09.11-19.09.44:550][  0]LogContentBrowser: Native class hierarchy updated for 'HierarchicalLODOutliner' in 0.0006 seconds. Added 1 classes and 2 folders.
[2017.09.11-19.09.44:551][  0]LogLoad: (Engine Initialization) Total time: 19.26 seconds
[2017.09.11-19.09.44:551][  0]LogLoad: (Engine Initialization) Total Blueprint compile time: 0.00 seconds
[2017.09.11-19.09.44:551][  0]LogExternalProfiler: Found external profiler: VSPerf
[2017.09.11-19.09.44:551][  0]LogExternalProfiler: Using external profiler: VSPerf
[2017.09.11-19.09.44:582][  0]LogAssetRegistry: Asset discovery search completed in 13.4050 seconds
[2017.09.11-19.09.44:584][  0]LogCollectionManager: Rebuilt the object cache for 0 collections in 0.000001 seconds (found 0 objects)
[2017.09.11-19.09.44:584][  0]LogCollectionManager: Fixed up redirectors for 0 collections in 0.000038 seconds (updated 0 objects)
[2017.09.11-19.09.44:586][  0]SourceControl: On branch master
[2017.09.11-19.09.44:586][  0]SourceControl: Your branch is up-to-date with 'origin/master'.
[2017.09.11-19.09.44:586][  0]SourceControl: Changes not staged for commit:
[2017.09.11-19.09.44:586][  0]SourceControl:   (use "git add <file>..." to update what will be committed)
[2017.09.11-19.09.44:586][  0]SourceControl:   (use "git checkout -- <file>..." to discard changes in working directory)
[2017.09.11-19.09.44:586][  0]SourceControl: 	modified:   Content/2D_BuiltData.uasset
[2017.09.11-19.09.44:586][  0]SourceControl: 	modified:   Intermediate/CachedAssetRegistry.bin
[2017.09.11-19.09.44:586][  0]SourceControl: 	modified:   Saved/Autosaves/PackageRestoreData.json
[2017.09.11-19.09.44:586][  0]SourceControl: 	modified:   Saved/Config/Windows/EditorPerProjectUserSettings.ini
[2017.09.11-19.09.44:586][  0]SourceControl: 	modified:   Saved/Config/Windows/Engine.ini
[2017.09.11-19.09.44:586][  0]SourceControl: 	modified:   Saved/Logs/AOD.log
[2017.09.11-19.09.44:586][  0]SourceControl: Untracked files:
[2017.09.11-19.09.44:586][  0]SourceControl:   (use "git add <file>..." to include in what will be committed)
[2017.09.11-19.09.44:586][  0]SourceControl: 	Saved/AutoScreenshot.png
[2017.09.11-19.09.44:586][  0]SourceControl: 	Saved/Config/CrashReportClient/UE4CC-Windows-2D28A6BD49A277108B25A29CFBC0E0DD/
[2017.09.11-19.09.44:586][  0]SourceControl: 	Saved/Config/Windows/SourceControlSettings.ini
[2017.09.11-19.09.44:586][  0]SourceControl: 	Saved/Logs/AOD-backup-2017.09.11-13.09.26.log
[2017.09.11-19.09.44:586][  0]SourceControl: no changes added to commit (use "git add" and/or "git commit -a")
[2017.09.11-19.09.44:587][  0]LogContentStreaming: Texture pool size now 1000 MB
[2017.09.11-19.10.54:373][490]LogEditorViewport: Clicking Background
[2017.09.11-19.11.12:265][604]LogEditorViewport: Clicking Background
[2017.09.11-19.12.37:909][480]LogEditorViewport: Clicking Background
[2017.09.11-19.12.40:078][735]SourceControl: fatal: C:/Program Files/Epic Games/UE_4.17/Engine/Content/: 'C:/Program Files/Epic Games/UE_4.17/Engine/Content/' is outside repository
[2017.09.11-19.12.48:151][735]LogSourceControl: FGitCheckInWorker: commit successful
[2017.09.11-19.12.48:205][735]SourceControl: [Add-Barrel b4bb059] Add Barrel
[2017.09.11-19.12.48:205][735]SourceControl:  1 file changed, 0 insertions(+), 0 deletions(-)
[2017.09.11-19.12.48:214][735]SourceControl: Commited [Add-Barrel b4bb059] Add Barrel.
[2017.09.11-19.19.36:158][972]LogSlate: Took 0.000252 seconds to synchronously load lazily loaded font '../../../Engine/Content/Slate/Fonts/Roboto-Light.ttf' (159K)
[2017.09.11-19.19.45:156][999]LogSlate: Took 0.000200 seconds to synchronously load lazily loaded font '../../../Engine/Content/Slate/Fonts/Roboto-Light.ttf' (159K)
[2017.09.11-19.19.45:504][999]LogSavePackage: Save=303.99ms
[2017.09.11-19.19.45:504][999]LogSavePackage: Moving '../../../../../../Users/Juan/Documents/Unreal Projects/AOD_Module_1/AOD_Module_1/Saved/2D_Auto1ED877BFE44B4C2789B6CFD9A685DB22F.tmp' to '../../../../../../Users/Juan/Documents/Unreal Projects/AOD_Module_1/AOD_Module_1/Saved/Autosaves/Game/2D_Auto1.umap'
[2017.09.11-19.19.45:507][999]LogSavePackage: Display: Finished SavePackage ../../../../../../Users/Juan/Documents/Unreal Projects/AOD_Module_1/AOD_Module_1/Saved/Autosaves/Game/2D_Auto1.umap
[2017.09.11-19.19.45:510][999]LogFileHelpers: Editor autosave (incl. sublevels) for '/Game/2D' took 0.333
[2017.09.11-19.19.45:510][999]LogFileHelpers: Editor autosave (incl. sublevels) for all levels took 0.333
[2017.09.11-19.20.07:649][380]LogEditorViewport: Clicking Background
[2017.09.11-19.36.21:854][676]Cmd: OBJ SAVEPACKAGE PACKAGE="/Game/2D" FILE="../../../../../../Users/Juan/Documents/Unreal Projects/AOD_Module_1/AOD_Module_1/Content/2D.umap" SILENT=true AUTOSAVING=false KEEPDIRTY=false
[2017.09.11-19.36.22:158][676]LogSavePackage: Save=292.51ms
[2017.09.11-19.36.22:158][676]LogSavePackage: Moving '../../../../../../Users/Juan/Documents/Unreal Projects/AOD_Module_1/AOD_Module_1/Saved/2D30494DC842AD1523CA01C5BB3082F0B3.tmp' to '../../../../../../Users/Juan/Documents/Unreal Projects/AOD_Module_1/AOD_Module_1/Content/2D.umap'
[2017.09.11-19.36.22:164][676]LogSavePackage: Display: Finished SavePackage ../../../../../../Users/Juan/Documents/Unreal Projects/AOD_Module_1/AOD_Module_1/Content/2D.umap
[2017.09.11-19.36.22:180][676]LogFileHelpers: Saving map '2D' took 0.415
[2017.09.11-19.36.38:600][640]SourceControl: fatal: C:/Program Files/Epic Games/UE_4.17/Engine/Content/: 'C:/Program Files/Epic Games/UE_4.17/Engine/Content/' is outside repository
[2017.09.11-19.36.44:961][640]LogSourceControl: FGitCheckInWorker: commit successful
[2017.09.11-19.36.45:017][640]SourceControl: [master 2731451] change
[2017.09.11-19.36.45:017][640]SourceControl:  1 file changed, 0 insertions(+), 0 deletions(-)
[2017.09.11-19.36.45:017][640]SourceControl:  rewrite Content/2D.umap (61%)
[2017.09.11-19.36.45:027][640]SourceControl: Commited [master 2731451] change.
