Log file open, 09/11/17 15:16:02
LogWindows: LoadLibraryWithSearchPaths failed for file aqProf.dll. GetLastError=0
LogWindows: LoadLibraryWithSearchPaths failed for file VtuneApi.dll. GetLastError=0
LogWindows: LoadLibraryWithSearchPaths failed for file VtuneApi32e.dll. GetLastError=0
LogInit: Display: Running engine for game: AOD
LogPlatformFile: Not using cached read wrapper
LogInit: Display: RandInit(-172097905) SRandInit(-172097904).
LogTaskGraph: Started task graph with 5 named threads and 14 total threads with 3 sets of task threads.
LogStats: Stats thread started at 0.159171
LogD3D11RHI: Aftermath initialized
LogPluginManager: Mounting plugin Paper2D
LogPluginManager: Mounting plugin LightPropagationVolume
LogPluginManager: Mounting plugin CodeLiteSourceCodeAccess
LogPluginManager: Mounting plugin GitSourceControl
LogPluginManager: Mounting plugin KDevelopSourceCodeAccess
LogPluginManager: Mounting plugin NullSourceCodeAccess
LogPluginManager: Mounting plugin PerforceSourceControl
LogPluginManager: Mounting plugin SubversionSourceControl
LogPluginManager: Mounting plugin UObjectPlugin
LogPluginManager: Mounting plugin VisualStudioSourceCodeAccess
LogPluginManager: Mounting plugin XCodeSourceCodeAccess
LogPluginManager: Mounting plugin AssetManagerEditor
LogPluginManager: Mounting plugin AudioCapture
LogPluginManager: Mounting plugin FacialAnimation
LogPluginManager: Mounting plugin GameplayTagsEditor
LogPluginManager: Mounting plugin MobileLauncherProfileWizard
LogPluginManager: Mounting plugin PluginBrowser
LogPluginManager: Mounting plugin SpeedTreeImporter
LogPluginManager: Mounting plugin AlembicImporter
LogPluginManager: Mounting plugin CharacterAI
LogPluginManager: Mounting plugin HTML5Networking
LogPluginManager: Mounting plugin AndroidMedia
LogPluginManager: Mounting plugin AvfMedia
LogPluginManager: Mounting plugin MediaPlayerEditor
LogPluginManager: Mounting plugin WmfMedia
LogPluginManager: Mounting plugin TcpMessaging
LogPluginManager: Mounting plugin UdpMessaging
LogPluginManager: Mounting plugin LevelSequenceEditor
LogPluginManager: Mounting plugin MatineeToLevelSequence
LogPluginManager: Mounting plugin OnlineSubsystemGooglePlay
LogPluginManager: Mounting plugin OnlineSubsystemIOS
LogPluginManager: Mounting plugin OnlineSubsystem
LogPluginManager: Mounting plugin OnlineSubsystemNull
LogPluginManager: Mounting plugin OnlineSubsystemUtils
LogPluginManager: Mounting plugin AndroidDeviceProfileSelector
LogPluginManager: Mounting plugin AndroidMoviePlayer
LogPluginManager: Mounting plugin AndroidPermission
LogPluginManager: Mounting plugin AppleMoviePlayer
LogPluginManager: Mounting plugin ArchVisCharacter
LogPluginManager: Mounting plugin CableComponent
LogPluginManager: Mounting plugin CustomMeshComponent
LogPluginManager: Mounting plugin ExampleDeviceProfileSelector
LogPluginManager: Mounting plugin GoogleCloudMessaging
LogPluginManager: Mounting plugin ImmediatePhysics
LogPluginManager: Mounting plugin IOSDeviceProfileSelector
LogPluginManager: Mounting plugin LinuxDeviceProfileSelector
LogPluginManager: Mounting plugin LocationServicesBPLibrary
LogPluginManager: Mounting plugin MobilePatchingUtils
LogPluginManager: Mounting plugin OculusVR
LogPluginManager: Mounting plugin PhysXVehicles
LogPluginManager: Mounting plugin ProceduralMeshComponent
LogPluginManager: Mounting plugin RuntimePhysXCooking
LogPluginManager: Mounting plugin SteamVR
LogPluginManager: Mounting plugin WindowsMoviePlayer
LogInit: Using libcurl 7.47.1
LogInit:  - built for x86_64-pc-win32
LogInit:  - supports SSL with OpenSSL/1.0.2g
LogInit:  - supports HTTP deflate (compression) using libz 1.2.8
LogInit:  - other features:
LogInit:      CURL_VERSION_SSL
LogInit:      CURL_VERSION_LIBZ
LogInit:      CURL_VERSION_IPV6
LogInit:      CURL_VERSION_ASYNCHDNS
LogInit:      CURL_VERSION_LARGEFILE
LogInit:      CURL_VERSION_IDN
LogInit:  CurlRequestOptions (configurable via config and command line):
LogInit:  - bVerifyPeer = false  - Libcurl will NOT verify peer certificate
LogInit:  - bUseHttpProxy = false  - Libcurl will NOT use HTTP proxy
LogInit:  - bDontReuseConnections = false  - Libcurl will reuse connections
LogInit:  - CertBundlePath = nullptr  - Libcurl will use whatever was configured at build time.
LogInit: Build: ++UE4+Release-4.17-CL-3586342
LogInit: Engine Version: 4.17.1-3586342+++UE4+Release-4.17
LogInit: Compatible Engine Version: 4.17.0-3573198+++UE4+Release-4.17
LogInit: Net CL: 3573198
LogDevObjectVersion: Number of dev versions registered: 16
LogDevObjectVersion:   Dev-Blueprints (B0D832E4-1F89-4F0D-ACCF-7EB736FD4AA2): 10
LogDevObjectVersion:   Dev-Build (E1C64328-A22C-4D53-A36C-8E866417BD8C): 0
LogDevObjectVersion:   Dev-Core (375EC13C-06E4-48FB-B500-84F0262A717E): 2
LogDevObjectVersion:   Dev-Editor (E4B068ED-F494-42E9-A231-DA0B2E46BB41): 20
LogDevObjectVersion:   Dev-Framework (CFFC743F-43B0-4480-9391-14DF171D2073): 28
LogDevObjectVersion:   Dev-Mobile (B02B49B5-BB20-44E9-A304-32B752E40360): 0
LogDevObjectVersion:   Dev-Networking (A4E4105C-59A1-49B5-A7C5-40C4547EDFEE): 0
LogDevObjectVersion:   Dev-Online (39C831C9-5AE6-47DC-9A44-9C173E1C8E7C): 0
LogDevObjectVersion:   Dev-Physics (78F01B33-EBEA-4F98-B9B4-84EACCB95AA2): 0
LogDevObjectVersion:   Dev-Platform (6631380F-2D4D-43E0-8009-CF276956A95A): 0
LogDevObjectVersion:   Dev-Rendering (12F88B9F-8875-4AFC-A67C-D90C383ABD29): 19
LogDevObjectVersion:   Dev-Sequencer (7B5AE74C-D270-4C10-A958-57980B212A5A): 4
LogDevObjectVersion:   Dev-VR (D7296918-1DD6-4BDD-9DE2-64A83CC13884): 0
LogDevObjectVersion:   Dev-LoadTimes (C2A15278-BFE7-4AFE-6C17-90FF531DF755): 1
LogDevObjectVersion:   Private-Geometry (6EACA3D4-40EC-4CC1-B786-8BED09428FC5): 1
LogDevObjectVersion:   Dev-AnimPhys (29E575DD-E0A3-4627-9D10-D276232CDCEA): 7
LogInit: Compiled (64-bit): Aug 15 2017 02:05:26
LogInit: Compiled with Visual C++: 19.00.24215.01
LogInit: Build Configuration: Development
LogInit: Branch Name: ++UE4+Release-4.17
LogInit: Command line: -EpicPortal 
LogInit: Base directory: D:/UE_4.17/Engine/Binaries/Win64/
LogInit: Installed Engine Build: 1
LogInit: Presizing for max 8388607 objects, including 0 objects not considered by GC, pre-allocating 0 bytes for permanent pool.
LogInit: Object subsystem initialized
[2017.09.11-19.16.02:764][  0]LogInit: Selected Device Profile: [Windows]
[2017.09.11-19.16.02:764][  0]LogInit: Applying CVar settings loaded from the selected device profile: [Windows]
[2017.09.11-19.16.02:770][  0]LogInit: Computer: ZACKS
[2017.09.11-19.16.02:770][  0]LogInit: User: Zack
[2017.09.11-19.16.02:770][  0]LogInit: CPU Page size=4096, Cores=4
[2017.09.11-19.16.02:770][  0]LogInit: High frequency timer resolution =3.417963 MHz
[2017.09.11-19.16.02:770][  0]LogMemory: Memory total: Physical=15.9GB (16GB approx)
[2017.09.11-19.16.02:770][  0]LogMemory: Platform Memory Stats for Windows
[2017.09.11-19.16.02:771][  0]LogMemory: Process Physical Memory: 278.73 MB used, 278.73 MB peak
[2017.09.11-19.16.02:771][  0]LogMemory: Process Virtual Memory: 282.09 MB used, 282.09 MB peak
[2017.09.11-19.16.02:771][  0]LogMemory: Physical Memory: 6790.42 MB used,  9454.89 MB free, 16245.31 MB total
[2017.09.11-19.16.02:771][  0]LogMemory: Virtual Memory: 676.18 MB used,  9454.89 MB free, 134217728.00 MB total
[2017.09.11-19.16.02:860][  0]LogInit: Using OS detected language (en-US).
[2017.09.11-19.16.02:860][  0]LogInit: Using OS detected locale (en-US).
[2017.09.11-19.16.02:863][  0]LogTextLocalizationManager: No specific localization for 'en-US' exists, so the 'en' localization will be used.
[2017.09.11-19.16.03:415][  0]LogD3D11RHI: D3D11 adapters:
[2017.09.11-19.16.03:430][  0]LogD3D11RHI:    0. 'AMD Radeon (TM) R9 390 Series' (Feature Level 11_0)
[2017.09.11-19.16.03:430][  0]LogD3D11RHI:       8168/0/8122 MB DedicatedVideo/DedicatedSystem/SharedSystem, Outputs:2, VendorId:0x1002
[2017.09.11-19.16.03:435][  0]LogD3D11RHI:    1. 'Intel(R) HD Graphics 4600' (Feature Level 11_0)
[2017.09.11-19.16.03:435][  0]LogD3D11RHI:       112/0/2048 MB DedicatedVideo/DedicatedSystem/SharedSystem, Outputs:0, VendorId:0x8086
[2017.09.11-19.16.03:437][  0]LogD3D11RHI:    2. 'Microsoft Basic Render Driver' (Feature Level 11_0)
[2017.09.11-19.16.03:437][  0]LogD3D11RHI:       0/0/8122 MB DedicatedVideo/DedicatedSystem/SharedSystem, Outputs:0, VendorId:0x1414
[2017.09.11-19.16.03:437][  0]LogD3D11RHI: Chosen D3D11 Adapter: 0
[2017.09.11-19.16.03:441][  0]LogD3D11RHI: Creating new Direct3DDevice
[2017.09.11-19.16.03:441][  0]LogD3D11RHI:     GPU DeviceId: 0x67b1 (for the marketing name, search the web for "GPU Device Id")
[2017.09.11-19.16.03:441][  0]LogWindows: EnumDisplayDevices:
[2017.09.11-19.16.03:441][  0]LogWindows:    0. 'AMD Radeon (TM) R9 390 Series' (P:1 D:1)
[2017.09.11-19.16.03:441][  0]LogWindows:    1. 'AMD Radeon (TM) R9 390 Series' (P:0 D:1)
[2017.09.11-19.16.03:442][  0]LogWindows:    2. 'AMD Radeon (TM) R9 390 Series' (P:0 D:0)
[2017.09.11-19.16.03:442][  0]LogWindows:    3. 'AMD Radeon (TM) R9 390 Series' (P:0 D:0)
[2017.09.11-19.16.03:442][  0]LogWindows:    4. 'AMD Radeon (TM) R9 390 Series' (P:0 D:0)
[2017.09.11-19.16.03:442][  0]LogWindows:    5. 'AMD Radeon (TM) R9 390 Series' (P:0 D:0)
[2017.09.11-19.16.03:442][  0]LogWindows:    6. 'Intel(R) HD Graphics 4600' (P:0 D:0)
[2017.09.11-19.16.03:443][  0]LogWindows:    7. 'Intel(R) HD Graphics 4600' (P:0 D:0)
[2017.09.11-19.16.03:443][  0]LogWindows:    8. 'Intel(R) HD Graphics 4600' (P:0 D:0)
[2017.09.11-19.16.03:443][  0]LogWindows: DebugString: PrimaryIsNotTheChoosenAdapter PrimaryIsNotTheChoosenAdapter PrimaryIsNotTheChoosenAdapter FoundDriverCount:6 
[2017.09.11-19.16.03:443][  0]LogD3D11RHI:     Adapter Name: AMD Radeon (TM) R9 390 Series
[2017.09.11-19.16.03:443][  0]LogD3D11RHI:   Driver Version: Crimson ReLive 17.8.1 (internal:22.19.666.1, unified:22.19.666.1)
[2017.09.11-19.16.03:443][  0]LogD3D11RHI:      Driver Date: 8-15-2017
[2017.09.11-19.16.03:443][  0]LogRHI: Texture pool is 1361 MB (70% of 1945 MB)
[2017.09.11-19.16.03:462][  0]LogD3D11RHI: Async texture creation enabled
[2017.09.11-19.16.03:472][  0]LogD3D11RHI: GPU Timing Frequency: 27.000000 (Debug: 2 1)
[2017.09.11-19.16.03:473][  0]LogShaderCompilers: Guid format shader working directory is -16 characters bigger than the processId version (C:/Users/Zack/Documents/Unreal Projects/AOD_Game/AOD_Module_1/Intermediate/Shaders/WorkingDirectory/9320/).
[2017.09.11-19.16.03:473][  0]LogShaderCompilers: Cleaned the shader compiler working directory 'C:/Users/Zack/AppData/Local/Temp/UnrealShaderWorkingDir/5246F464496FA90A4500DC8D4BC5A598/'.
[2017.09.11-19.16.03:473][  0]LogShaderCompilers: Display: Using Local Shader Compiler.
[2017.09.11-19.16.04:250][  0]LogTemp: Display: Loaded TP AllDesktopTargetPlatform
[2017.09.11-19.16.04:281][  0]LogTemp: Display: Loaded TP MacClientTargetPlatform
[2017.09.11-19.16.04:312][  0]LogTemp: Display: Loaded TP MacNoEditorTargetPlatform
[2017.09.11-19.16.04:343][  0]LogTemp: Display: Loaded TP MacServerTargetPlatform
[2017.09.11-19.16.04:378][  0]LogTemp: Display: Loaded TP MacTargetPlatform
[2017.09.11-19.16.04:409][  0]LogTemp: Display: Loaded TP WindowsClientTargetPlatform
[2017.09.11-19.16.04:440][  0]LogTemp: Display: Loaded TP WindowsNoEditorTargetPlatform
[2017.09.11-19.16.04:471][  0]LogTemp: Display: Loaded TP WindowsServerTargetPlatform
[2017.09.11-19.16.04:497][  0]LogTemp: Display: Loaded TP WindowsTargetPlatform
[2017.09.11-19.16.04:528][  0]LogTemp: Display: Loaded TP AndroidTargetPlatform
[2017.09.11-19.16.04:558][  0]LogTemp: Display: Loaded TP Android_ASTCTargetPlatform
[2017.09.11-19.16.04:590][  0]LogTemp: Display: Loaded TP Android_ATCTargetPlatform
[2017.09.11-19.16.04:623][  0]LogTemp: Display: Loaded TP Android_DXTTargetPlatform
[2017.09.11-19.16.04:655][  0]LogTemp: Display: Loaded TP Android_ETC1TargetPlatform
[2017.09.11-19.16.04:687][  0]LogTemp: Display: Loaded TP Android_ETC2TargetPlatform
[2017.09.11-19.16.04:751][  0]LogTemp: Display: Loaded TP Android_MultiTargetPlatform
[2017.09.11-19.16.04:751][  0]LogTemp: Display: Loaded TP Android_PVRTCTargetPlatform
[2017.09.11-19.16.04:773][  0]LogTemp: Display: Loaded TP HTML5TargetPlatform
[2017.09.11-19.16.04:837][  0]LogTemp: Display: Loaded TP IOSTargetPlatform
[2017.09.11-19.16.04:856][  0]LogTemp: Display: Loaded TP TVOSTargetPlatform
[2017.09.11-19.16.04:889][  0]LogTemp: Display: Loaded TP LinuxClientTargetPlatform
[2017.09.11-19.16.04:919][  0]LogTemp: Display: Loaded TP LinuxNoEditorTargetPlatform
[2017.09.11-19.16.04:950][  0]LogTemp: Display: Loaded TP LinuxServerTargetPlatform
[2017.09.11-19.16.04:981][  0]LogTemp: Display: Loaded TP LinuxTargetPlatform
[2017.09.11-19.16.04:981][  0]LogTargetPlatformManager: Display: Building Assets For Windows
[2017.09.11-19.16.05:245][  0]LogDerivedDataCache: Display: Max Cache Size: 512 MB
[2017.09.11-19.16.05:330][  0]LogDerivedDataCache: Loaded boot cache 0.08s 93MB C:/Users/Zack/AppData/Local/UnrealEngine/4.17/DerivedDataCache/Boot.ddc.
[2017.09.11-19.16.05:330][  0]LogDerivedDataCache: Display: Loaded Boot cache: C:/Users/Zack/AppData/Local/UnrealEngine/4.17/DerivedDataCache/Boot.ddc
[2017.09.11-19.16.05:330][  0]LogDerivedDataCache: FDerivedDataBackendGraph:  Pak pak cache file C:/Users/Zack/Documents/Unreal Projects/AOD_Game/AOD_Module_1/DerivedDataCache/DDC.ddp not found, will not use a pak cache.
[2017.09.11-19.16.05:330][  0]LogDerivedDataCache: Unable to find inner node Pak for hierarchical cache Hierarchy.
[2017.09.11-19.16.05:330][  0]LogDerivedDataCache: FDerivedDataBackendGraph:  CompressedPak pak cache file C:/Users/Zack/Documents/Unreal Projects/AOD_Game/AOD_Module_1/DerivedDataCache/Compressed.ddp not found, will not use a pak cache.
[2017.09.11-19.16.05:330][  0]LogDerivedDataCache: Unable to find inner node CompressedPak for hierarchical cache Hierarchy.
[2017.09.11-19.16.05:345][  0]LogDerivedDataCache: Display: Pak cache opened for reading ../../../Engine/DerivedDataCache/Compressed.ddp.
[2017.09.11-19.16.05:357][  0]LogDerivedDataCache: Using Local data cache path C:/Users/Zack/AppData/Local/UnrealEngine/Common/DerivedDataCache: Writable
[2017.09.11-19.16.05:366][  0]LogMaterial: Verifying Global Shaders for PCD3D_SM5
[2017.09.11-19.16.05:366][  0]LogSlate: Using Freetype 2.6.0
[2017.09.11-19.16.05:367][  0]LogSlate: SlateFontCache - WITH_FREETYPE: 1, WITH_HARFBUZZ: 1
[2017.09.11-19.16.05:367][  0]LogSlate: SlateFontCache - WITH_FREETYPE: 1, WITH_HARFBUZZ: 1
[2017.09.11-19.16.05:590][  0]LogAssetRegistry: FAssetRegistry took 0.0255 seconds to start up
[2017.09.11-19.16.05:678][  0]LogInit: Selected Device Profile: [Windows]
[2017.09.11-19.16.05:806][  0]LogContentStreaming: Texture pool size is 0.00 MB
[2017.09.11-19.16.06:016][  0]LogSimplygon: Simplygon DLL not present - disabling.
[2017.09.11-19.16.06:038][  0]LogMeshReduction: Using SimplygonSwarm for distributed automatic mesh merging
[2017.09.11-19.16.06:038][  0]LogMeshReduction: Using QuadricMeshReduction for automatic static mesh reduction
[2017.09.11-19.16.06:038][  0]LogMeshReduction: No automatic skeletal mesh reduction module available
[2017.09.11-19.16.06:038][  0]LogMeshReduction: No automatic mesh merging module available
[2017.09.11-19.16.06:038][  0]LogMeshMerging: No automatic mesh merging module available
[2017.09.11-19.16.06:323][  0]LogNetVersion: AOD , NetCL: 3573198, EngineNetVer: 2, GameNetVer: 0 (Checksum: 480310328)
[2017.09.11-19.16.06:461][  0]LogPackageLocalizationCache: Processed 5 localized package path(s) for 2 prioritized culture(s) in 0.025776 seconds
[2017.09.11-19.16.06:467][  0]LogUObjectArray: 35825 objects as part of root set at end of initial load.
[2017.09.11-19.16.06:467][  0]LogUObjectAllocator: 7529104 out of 0 bytes used by permanent object pool.
[2017.09.11-19.16.06:467][  0]LogUObjectArray: CloseDisregardForGC: 0/0 objects in disregard for GC pool
[2017.09.11-19.16.06:499][  0]LogInit: WinSock: version 1.1 (2.2), MaxSocks=32767, MaxUdp=65467
[2017.09.11-19.16.08:224][  0]LogTcpMessaging: Initializing TcpMessaging bridge
[2017.09.11-19.16.08:250][  0]LogUdpMessaging: Initializing bridge on interface 0.0.0.0:0 to multicast group 230.0.0.1:6666.
[2017.09.11-19.16.08:630][  0]LogMaterial: Uniform references updated for custom material expression Custom.
[2017.09.11-19.16.08:879][  0]SourceControl: Source control is disabled
[2017.09.11-19.16.09:411][  0]LogAndroidPermission: UAndroidPermissionCallbackProxy::GetInstance
[2017.09.11-19.16.09:543][  0]LogOcInput: OculusInput pre-init called
[2017.09.11-19.16.09:699][  0]LogEngine: Initializing Engine...
[2017.09.11-19.16.09:701][  0]LogHMD: Failed to initialize OpenVR with code 110
[2017.09.11-19.16.09:892][  0]LogStats: UGameplayTagsManager::ConstructGameplayTagTree: Construct from data asset -  0.000 s
[2017.09.11-19.16.09:892][  0]LogStats: UGameplayTagsManager::ConstructGameplayTagTree: GameplayTagTreeChangedEvent.Broadcast -  0.000 s
[2017.09.11-19.16.09:966][  0]LogAIModule: Creating AISystem for world Untitled
[2017.09.11-19.16.09:977][  0]LogInit: XAudio2 using 'Speakers (SteelSeries SC2 USB Headset)' : 2 channels at 44.1 kHz using 16 bits per sample (channel mask 0x3)
[2017.09.11-19.16.09:986][  0]LogInit: FAudioDevice initialized.
[2017.09.11-19.16.10:073][  0]LogDerivedDataCache: Saved boot cache 0.09s 93MB C:/Users/Zack/AppData/Local/UnrealEngine/4.17/DerivedDataCache/Boot.ddc.
[2017.09.11-19.16.10:083][  0]LogInit: Texture streaming: Enabled
[2017.09.11-19.16.10:148][  0]LogEngineSessionManager: EngineSessionManager initialized
[2017.09.11-19.16.10:268][  0]LogInit: Transaction tracking system initialized
[2017.09.11-19.16.10:437][  0]BlueprintLog: New page: Editor Load
[2017.09.11-19.16.10:927][  0]LocalizationService: Localization service is disabled
[2017.09.11-19.16.11:234][  0]LogLinker: Warning: Can't find file '/Game/2DSideScrollerBP/2DSideScrollerOverview'
[2017.09.11-19.16.11:234][  0]LogLinker: Warning: Can't find file '/Game/2DSideScrollerBP/2DSideScrollerOverview'
[2017.09.11-19.16.11:234][  0]LogUObjectGlobals: Warning: Failed to find object 'Class /Game/2DSideScrollerBP/2DSideScrollerOverview.2DSideScrollerOverview_C'
[2017.09.11-19.16.11:331][  0]LogConsoleResponse: Display: 
[2017.09.11-19.16.11:466][  0]LogCook: Display: Max memory allowance for cook 16384mb min free memory 0mb
[2017.09.11-19.16.11:466][  0]LogCook: Display: Mobile HDR setting 1
[2017.09.11-19.16.11:466][  0]LogGameplayTags: Display: UGameplayTagsManager::DoneAddingNativeTags. DelegateIsBound: 0
[2017.09.11-19.16.11:609][  0]LogFileCache: Scanning file cache for directory 'C:/Users/Zack/Documents/Unreal Projects/AOD_Game/AOD_Module_1/Content/' took 0.01s
[2017.09.11-19.16.12:038][  0]Cmd: MAP LOAD FILE="C:/Users/Zack/Documents/Unreal Projects/AOD_Game/AOD_Module_1/Content/2D.umap" TEMPLATE=0 SHOWPROGRESS=1 FEATURELEVEL=3
[2017.09.11-19.16.12:038][  0]LightingResults: New page: Lighting Build
[2017.09.11-19.16.12:061][  0]MapCheck: New page: Map Check
[2017.09.11-19.16.12:061][  0]LightingResults: New page: Lighting Build
[2017.09.11-19.16.12:529][  0]LogAIModule: Creating AISystem for world 2D
[2017.09.11-19.16.12:545][  0]LogEditorServer: Finished looking for orphan Actors (0.000 secs)
[2017.09.11-19.16.12:558][  0]Cmd: MAP CHECKDEP NOCLEARLOG
[2017.09.11-19.16.12:590][  0]MapCheck: Map check complete: 0 Error(s), 0 Warning(s), took 31.987ms to complete.
[2017.09.11-19.16.12:590][  0]LogFileHelpers: Loading map '2D' took 0.552
[2017.09.11-19.16.12:722][  0]LogCollectionManager: Loaded 0 collections in 0.000688 seconds
[2017.09.11-19.16.12:785][  0]LogFileCache: Scanning file cache for directory 'C:/Users/Zack/Documents/Unreal Projects/AOD_Game/AOD_Module_1/Saved/Collections/' took 0.01s
[2017.09.11-19.16.12:785][  0]LogFileCache: Scanning file cache for directory 'C:/Users/Zack/Documents/Unreal Projects/AOD_Game/AOD_Module_1/Content/Developers/Zack/Collections/' took 0.01s
[2017.09.11-19.16.12:785][  0]LogFileCache: Scanning file cache for directory 'C:/Users/Zack/Documents/Unreal Projects/AOD_Game/AOD_Module_1/Content/Collections/' took 0.01s
[2017.09.11-19.16.12:785][  0]LogCollectionManager: Rebuilt the GUID cache for 0 collections in 0.000000 seconds
[2017.09.11-19.16.12:793][  0]LogContentBrowser: Native class hierarchy populated in 0.0080 seconds. Added 2386 classes and 500 folders.
[2017.09.11-19.16.12:829][  0]LogContentBrowser: Native class hierarchy updated for 'WidgetCarousel' in 0.0006 seconds. Added 0 classes and 0 folders.
[2017.09.11-19.16.12:854][  0]LogContentBrowser: Native class hierarchy updated for 'AddContentDialog' in 0.0005 seconds. Added 0 classes and 0 folders.
[2017.09.11-19.16.12:880][  0]LogContentBrowser: Native class hierarchy updated for 'SceneOutliner' in 0.0006 seconds. Added 1 classes and 2 folders.
[2017.09.11-19.16.12:897][  0]LogSlate: Took 0.000128 seconds to synchronously load lazily loaded font '../../../Engine/Content/Slate/Fonts/Roboto-Regular.ttf' (155K)
[2017.09.11-19.16.12:898][  0]LogSlate: Took 0.000139 seconds to synchronously load lazily loaded font '../../../Engine/Content/Slate/Fonts/Roboto-Bold.ttf' (160K)
[2017.09.11-19.16.12:903][  0]LogSlate: Took 0.000130 seconds to synchronously load lazily loaded font '../../../Engine/Content/Editor/Slate/Fonts/FontAwesome.ttf' (139K)
[2017.09.11-19.16.12:979][  0]LogRenderer: Reallocating scene render targets to support 1208x576 Format 10 NumSamples 1 (Frame:1).
[2017.09.11-19.16.13:024][  0]LogSlate: Took 0.000123 seconds to synchronously load lazily loaded font '../../../Engine/Content/Slate/Fonts/Roboto-Light.ttf' (159K)
[2017.09.11-19.16.13:146][  0]LogContentBrowser: Native class hierarchy updated for 'HierarchicalLODOutliner' in 0.0006 seconds. Added 1 classes and 2 folders.
[2017.09.11-19.16.13:147][  0]LogLoad: (Engine Initialization) Total time: 11.34 seconds
[2017.09.11-19.16.13:147][  0]LogLoad: (Engine Initialization) Total Blueprint compile time: 0.00 seconds
[2017.09.11-19.16.13:147][  0]LogExternalProfiler: Found external profiler: VSPerf
[2017.09.11-19.16.13:147][  0]LogExternalProfiler: Using external profiler: VSPerf
[2017.09.11-19.16.13:158][  0]LogWindowsTextInputMethodSystem: Display: IME system now deactivated.
[2017.09.11-19.16.13:177][  0]LogAssetRegistry: Asset discovery search completed in 7.6095 seconds
[2017.09.11-19.16.13:179][  0]LogCollectionManager: Rebuilt the object cache for 0 collections in 0.000000 seconds (found 0 objects)
[2017.09.11-19.16.13:179][  0]LogCollectionManager: Fixed up redirectors for 0 collections in 0.000033 seconds (updated 0 objects)
[2017.09.11-19.16.13:181][  0]SourceControl: On branch master
[2017.09.11-19.16.13:181][  0]SourceControl: Your branch is up-to-date with 'origin/master'.
[2017.09.11-19.16.13:181][  0]SourceControl: Changes not staged for commit:
[2017.09.11-19.16.13:181][  0]SourceControl:   (use "git add <file>..." to update what will be committed)
[2017.09.11-19.16.13:181][  0]SourceControl:   (use "git checkout -- <file>..." to discard changes in working directory)
[2017.09.11-19.16.13:181][  0]SourceControl: 	modified:   Intermediate/CachedAssetRegistry.bin
[2017.09.11-19.16.13:181][  0]SourceControl: 	modified:   Saved/Autosaves/PackageRestoreData.json
[2017.09.11-19.16.13:181][  0]SourceControl: 	modified:   Saved/Config/Windows/EditorPerProjectUserSettings.ini
[2017.09.11-19.16.13:181][  0]SourceControl: 	modified:   Saved/Config/Windows/Engine.ini
[2017.09.11-19.16.13:181][  0]SourceControl: 	modified:   Saved/Logs/AOD.log
[2017.09.11-19.16.13:181][  0]SourceControl: Untracked files:
[2017.09.11-19.16.13:181][  0]SourceControl:   (use "git add <file>..." to include in what will be committed)
[2017.09.11-19.16.13:181][  0]SourceControl: 	Saved/AutoScreenshot.png
[2017.09.11-19.16.13:181][  0]SourceControl: 	Saved/Config/CrashReportClient/UE4CC-Windows-1B73148243B85B23E892FE935A8D9B1B/
[2017.09.11-19.16.13:181][  0]SourceControl: 	Saved/Config/CrashReportClient/UE4CC-Windows-9A46A2AC48DFC23074E65495081FB461/
[2017.09.11-19.16.13:181][  0]SourceControl: 	Saved/Config/CrashReportClient/UE4CC-Windows-9FFC79FA4AD639F10148A4A02BD490FE/
[2017.09.11-19.16.13:181][  0]SourceControl: 	Saved/Config/CrashReportClient/UE4CC-Windows-A64C90FB48F54CFE7C120EB1EB640C06/
[2017.09.11-19.16.13:181][  0]SourceControl: 	Saved/Config/Windows/SourceControlSettings.ini
[2017.09.11-19.16.13:181][  0]SourceControl: 	Saved/Logs/AOD-backup-2017.09.11-15.01.14.log
[2017.09.11-19.16.13:181][  0]SourceControl: 	Saved/Logs/AOD-backup-2017.09.11-15.09.10.log
[2017.09.11-19.16.13:182][  0]SourceControl: 	Saved/Logs/AOD-backup-2017.09.11-15.14.49.log
[2017.09.11-19.16.13:182][  0]SourceControl: 	Saved/Logs/AOD_2.log
[2017.09.11-19.16.13:182][  0]SourceControl: no changes added to commit (use "git add" and/or "git commit -a")
[2017.09.11-19.16.13:182][  0]LogContentStreaming: Texture pool size now 1000 MB
[2017.09.11-19.16.19:932][796]SourceControl: On branch master
[2017.09.11-19.16.19:933][796]SourceControl: Your branch is up-to-date with 'origin/master'.
[2017.09.11-19.16.19:933][796]SourceControl: Changes not staged for commit:
[2017.09.11-19.16.19:933][796]SourceControl:   (use "git add <file>..." to update what will be committed)
[2017.09.11-19.16.19:933][796]SourceControl:   (use "git checkout -- <file>..." to discard changes in working directory)
[2017.09.11-19.16.19:933][796]SourceControl: 	modified:   Intermediate/CachedAssetRegistry.bin
[2017.09.11-19.16.19:933][796]SourceControl: 	modified:   Saved/Autosaves/PackageRestoreData.json
[2017.09.11-19.16.19:933][796]SourceControl: 	modified:   Saved/Config/Windows/EditorPerProjectUserSettings.ini
[2017.09.11-19.16.19:933][796]SourceControl: 	modified:   Saved/Config/Windows/Engine.ini
[2017.09.11-19.16.19:933][796]SourceControl: 	modified:   Saved/Logs/AOD.log
[2017.09.11-19.16.19:933][796]SourceControl: Untracked files:
[2017.09.11-19.16.19:933][796]SourceControl:   (use "git add <file>..." to include in what will be committed)
[2017.09.11-19.16.19:933][796]SourceControl: 	Saved/AutoScreenshot.png
[2017.09.11-19.16.19:933][796]SourceControl: 	Saved/Config/CrashReportClient/UE4CC-Windows-1B73148243B85B23E892FE935A8D9B1B/
[2017.09.11-19.16.19:933][796]SourceControl: 	Saved/Config/CrashReportClient/UE4CC-Windows-9A46A2AC48DFC23074E65495081FB461/
[2017.09.11-19.16.19:933][796]SourceControl: 	Saved/Config/CrashReportClient/UE4CC-Windows-9FFC79FA4AD639F10148A4A02BD490FE/
[2017.09.11-19.16.19:933][796]SourceControl: 	Saved/Config/CrashReportClient/UE4CC-Windows-A64C90FB48F54CFE7C120EB1EB640C06/
[2017.09.11-19.16.19:933][796]SourceControl: 	Saved/Config/Windows/SourceControlSettings.ini
[2017.09.11-19.16.19:933][796]SourceControl: 	Saved/Logs/AOD-backup-2017.09.11-15.01.14.log
[2017.09.11-19.16.19:933][796]SourceControl: 	Saved/Logs/AOD-backup-2017.09.11-15.09.10.log
[2017.09.11-19.16.19:933][796]SourceControl: 	Saved/Logs/AOD-backup-2017.09.11-15.14.49.log
[2017.09.11-19.16.19:933][796]SourceControl: 	Saved/Logs/AOD_2.log
[2017.09.11-19.16.19:933][796]SourceControl: no changes added to commit (use "git add" and/or "git commit -a")
[2017.09.11-19.16.22:711][126]SourceControl: fatal: D:/UE_4.17/Engine/Content/: 'D:/UE_4.17/Engine/Content/' is outside repository
[2017.09.11-19.16.22:764][126]EditorErrors: Warning: No assets to check in!
[2017.09.11-19.17.19:511][837]LogSlate: Took 0.000113 seconds to synchronously load lazily loaded font '../../../Engine/Content/Slate/Fonts/Roboto-Light.ttf' (159K)
[2017.09.11-19.17.19:528][837]Cmd: MAP LOAD FILE="C:/Users/Zack/Documents/Unreal Projects/AOD_Game/AOD_Module_1/Content/2D.umap" TEMPLATE=0 SHOWPROGRESS=1 FEATURELEVEL=3
[2017.09.11-19.17.19:528][837]LightingResults: New page: Lighting Build
[2017.09.11-19.17.19:529][837]LoadErrors: New page: Loading map: 2D.umap
[2017.09.11-19.17.19:530][837]MapCheck: New page: Map Check
[2017.09.11-19.17.19:530][837]LightingResults: New page: Lighting Build
[2017.09.11-19.17.19:598][837]LogAIModule: Creating AISystem for world 2D
[2017.09.11-19.17.19:611][837]LogEditorServer: Finished looking for orphan Actors (0.000 secs)
[2017.09.11-19.17.19:633][837]Cmd: MAP CHECKDEP NOCLEARLOG
[2017.09.11-19.17.19:667][837]MapCheck: Map check complete: 0 Error(s), 0 Warning(s), took 34.069ms to complete.
[2017.09.11-19.17.19:668][837]LogFileHelpers: Loading map '2D' took 0.141
[2017.09.11-19.18.58:381][232]Cmd: OBJ SAVEPACKAGE PACKAGE="/Game/2D" FILE="C:/Users/Zack/Documents/Unreal Projects/AOD_Game/AOD_Module_1/Content/2D.umap" SILENT=true AUTOSAVING=false KEEPDIRTY=false
[2017.09.11-19.18.58:685][232]LogSavePackage: Save=283.00ms
[2017.09.11-19.18.58:685][232]LogSavePackage: Moving 'C:/Users/Zack/Documents/Unreal Projects/AOD_Game/AOD_Module_1/Saved/2DCB1CE57A409DDE49C6CDA98A866E5835.tmp' to 'C:/Users/Zack/Documents/Unreal Projects/AOD_Game/AOD_Module_1/Content/2D.umap'
[2017.09.11-19.18.58:686][232]LogSavePackage: Display: Finished SavePackage C:/Users/Zack/Documents/Unreal Projects/AOD_Game/AOD_Module_1/Content/2D.umap
[2017.09.11-19.18.58:752][232]Cmd: OBJ SAVEPACKAGE PACKAGE="/Game/2D_BuiltData" FILE="C:/Users/Zack/Documents/Unreal Projects/AOD_Game/AOD_Module_1/Content/2D_BuiltData.uasset" SILENT=true
[2017.09.11-19.18.58:757][232]LogSavePackage: Save=3.31ms
[2017.09.11-19.18.58:757][232]LogSavePackage: Moving 'C:/Users/Zack/Documents/Unreal Projects/AOD_Game/AOD_Module_1/Saved/2D_BuiltData2225AD2B48C9A90852B35F88B3D45811.tmp' to 'C:/Users/Zack/Documents/Unreal Projects/AOD_Game/AOD_Module_1/Content/2D_BuiltData.uasset'
[2017.09.11-19.18.58:757][232]LogSavePackage: Display: Finished SavePackage C:/Users/Zack/Documents/Unreal Projects/AOD_Game/AOD_Module_1/Content/2D_BuiltData.uasset
[2017.09.11-19.19.06:095][ 39]LightingResults: New page: Lighting Build
[2017.09.11-19.19.06:097][ 39]MapCheck: New page: Map Check
[2017.09.11-19.19.06:097][ 39]LightingResults: New page: Lighting Build
[2017.09.11-19.19.06:110][ 39]LogAIModule: Creating AISystem for world Untitled
[2017.09.11-19.19.06:112][ 39]LoadErrors: New page: New Map
[2017.09.11-19.19.06:170][ 39]LogAIModule: Creating AISystem for world 2D
[2017.09.11-19.19.06:201][ 39]Cmd: MAP LOAD FILE="C:/Users/Zack/Documents/Unreal Projects/AOD_Game/AOD_Module_1/Content/2D.umap" TEMPLATE=0 SHOWPROGRESS=1 FEATURELEVEL=3
[2017.09.11-19.19.06:202][ 39]LightingResults: New page: Lighting Build
[2017.09.11-19.19.06:202][ 39]LoadErrors: New page: Loading map: 2D.umap
[2017.09.11-19.19.06:202][ 39]MapCheck: New page: Map Check
[2017.09.11-19.19.06:202][ 39]LightingResults: New page: Lighting Build
[2017.09.11-19.19.06:233][ 39]LogEditorServer: Finished looking for orphan Actors (0.000 secs)
[2017.09.11-19.19.06:282][ 39]Cmd: MAP CHECKDEP NOCLEARLOG
[2017.09.11-19.19.06:315][ 39]MapCheck: Map check complete: 0 Error(s), 0 Warning(s), took 32.537ms to complete.
[2017.09.11-19.19.06:315][ 39]LogFileHelpers: Loading map '2D' took 0.115
[2017.09.11-19.20.00:290][248]LogEditorViewport: Clicking on Actor (LMB): PaperSpriteActor (Bottle_Sprite)
[2017.09.11-19.20.01:282][362]Cmd: TRANSACTION UNDO
[2017.09.11-19.20.01:282][362]LogEditorTransaction: Undo Clicking on Actors
[2017.09.11-19.20.01:300][362]LogSlate: Took 0.000153 seconds to synchronously load lazily loaded font '../../../Engine/Content/Slate/Fonts/Roboto-Light.ttf' (159K)
[2017.09.11-19.20.02:914][555]LogEditorViewport: Clicking on Actor (LMB): PaperSpriteActor (Bottle_Sprite)
[2017.09.11-19.20.03:874][665]Cmd: DELETE
[2017.09.11-19.20.03:874][665]Cmd: ACTOR DELETE
[2017.09.11-19.20.03:875][665]LogEditorActor: Deleted Actor: PaperSpriteActor
[2017.09.11-19.20.03:884][665]LogEditorActor: Deleted 1 Actors (0.009 secs)
[2017.09.11-19.26.12:758][600]Cmd: OBJ SAVEPACKAGE PACKAGE="/Game/2D" FILE="C:/Users/Zack/Documents/Unreal Projects/AOD_Game/AOD_Module_1/Content/2D.umap" SILENT=true AUTOSAVING=false KEEPDIRTY=false
[2017.09.11-19.26.13:053][600]LogSavePackage: Save=283.16ms
[2017.09.11-19.26.13:053][600]LogSavePackage: Moving 'C:/Users/Zack/Documents/Unreal Projects/AOD_Game/AOD_Module_1/Saved/2D7EBA89294EF2456FF6B27B8D52DB215B.tmp' to 'C:/Users/Zack/Documents/Unreal Projects/AOD_Game/AOD_Module_1/Content/2D.umap'
[2017.09.11-19.26.13:054][600]LogSavePackage: Display: Finished SavePackage C:/Users/Zack/Documents/Unreal Projects/AOD_Game/AOD_Module_1/Content/2D.umap
[2017.09.11-19.26.13:075][600]LogFileHelpers: Saving map '2D' took 0.354
[2017.09.11-19.26.15:366][872]SourceControl: fatal: D:/UE_4.17/Engine/Content/: 'D:/UE_4.17/Engine/Content/' is outside repository
[2017.09.11-19.26.21:280][872]LogSourceControl: FGitCheckInWorker: commit successful
[2017.09.11-19.26.21:313][872]SourceControl: [master 9e1a788] change
[2017.09.11-19.26.21:313][872]SourceControl:  1 file changed, 0 insertions(+), 0 deletions(-)
[2017.09.11-19.26.21:313][872]SourceControl:  rewrite Content/2D.umap (62%)
[2017.09.11-19.26.21:322][872]SourceControl: Commited [master 9e1a788] change.
